{"/Users/benstraw/dev/benstraw/grrquarterly/api/src/directives/requireAuth/requireAuth.js": {"path":"/Users/benstraw/dev/benstraw/grrquarterly/api/src/directives/requireAuth/requireAuth.js","statementMap":{"0":{"start":{"line":15,"column":17},"end":{"line":19,"column":1}},"1":{"start":{"line":16,"column":20},"end":{"line":16,"column":33}},"2":{"start":{"line":18,"column":2},"end":{"line":18,"column":42}},"3":{"start":{"line":21,"column":20},"end":{"line":21,"column":62}}},"fnMap":{"0":{"name":"(anonymous_0)","decl":{"start":{"line":15,"column":17},"end":{"line":15,"column":18}},"loc":{"start":{"line":15,"column":40},"end":{"line":19,"column":1}},"line":15}},"branchMap":{},"s":{"0":1,"1":1,"2":1,"3":1},"f":{"0":1},"b":{},"_coverageSchema":"1a1c01bbd47fc00a2c39e90264f33305004495a9","hash":"f279ffb77875ef546707433192b3b484f393aedc"}
,"/Users/benstraw/dev/benstraw/grrquarterly/api/src/directives/skipAuth/skipAuth.js": {"path":"/Users/benstraw/dev/benstraw/grrquarterly/api/src/directives/skipAuth/skipAuth.js","statementMap":{"0":{"start":{"line":12,"column":17},"end":{"line":14,"column":2}},"1":{"start":{"line":13,"column":2},"end":{"line":13,"column":8}}},"fnMap":{"0":{"name":"(anonymous_0)","decl":{"start":{"line":12,"column":50},"end":{"line":12,"column":51}},"loc":{"start":{"line":12,"column":56},"end":{"line":14,"column":1}},"line":12}},"branchMap":{},"s":{"0":1,"1":0},"f":{"0":0},"b":{},"_coverageSchema":"1a1c01bbd47fc00a2c39e90264f33305004495a9","hash":"72dd7b244aec51e794385fc9aee616e729c48f8c"}
,"/Users/benstraw/dev/benstraw/grrquarterly/api/src/functions/auth.js": {"path":"/Users/benstraw/dev/benstraw/grrquarterly/api/src/functions/auth.js","statementMap":{"0":{"start":{"line":6,"column":23},"end":{"line":180,"column":1}},"1":{"start":{"line":7,"column":32},"end":{"line":35,"column":3}},"2":{"start":{"line":21,"column":6},"end":{"line":21,"column":17}},"3":{"start":{"line":37,"column":23},"end":{"line":73,"column":3}},"4":{"start":{"line":51,"column":6},"end":{"line":59,"column":7}},"5":{"start":{"line":52,"column":8},"end":{"line":52,"column":77}},"6":{"start":{"line":56,"column":8},"end":{"line":56,"column":19}},"7":{"start":{"line":58,"column":8},"end":{"line":58,"column":19}},"8":{"start":{"line":75,"column":31},"end":{"line":97,"column":3}},"9":{"start":{"line":81,"column":6},"end":{"line":81,"column":17}},"10":{"start":{"line":99,"column":24},"end":{"line":138,"column":3}},"11":{"start":{"line":116,"column":6},"end":{"line":123,"column":8}},"12":{"start":{"line":130,"column":6},"end":{"line":130,"column":17}},"13":{"start":{"line":140,"column":22},"end":{"line":177,"column":4}},"14":{"start":{"line":179,"column":2},"end":{"line":179,"column":35}}},"fnMap":{"0":{"name":"(anonymous_0)","decl":{"start":{"line":6,"column":23},"end":{"line":6,"column":24}},"loc":{"start":{"line":6,"column":49},"end":{"line":180,"column":1}},"line":6},"1":{"name":"(anonymous_1)","decl":{"start":{"line":20,"column":13},"end":{"line":20,"column":14}},"loc":{"start":{"line":20,"column":23},"end":{"line":22,"column":5}},"line":20},"2":{"name":"(anonymous_2)","decl":{"start":{"line":49,"column":13},"end":{"line":49,"column":14}},"loc":{"start":{"line":49,"column":23},"end":{"line":60,"column":5}},"line":49},"3":{"name":"(anonymous_3)","decl":{"start":{"line":80,"column":13},"end":{"line":80,"column":14}},"loc":{"start":{"line":80,"column":24},"end":{"line":82,"column":5}},"line":80},"4":{"name":"(anonymous_4)","decl":{"start":{"line":115,"column":13},"end":{"line":115,"column":14}},"loc":{"start":{"line":115,"column":69},"end":{"line":124,"column":5}},"line":115},"5":{"name":"(anonymous_5)","decl":{"start":{"line":129,"column":24},"end":{"line":129,"column":25}},"loc":{"start":{"line":129,"column":39},"end":{"line":131,"column":5}},"line":129}},"branchMap":{"0":{"loc":{"start":{"line":51,"column":6},"end":{"line":59,"column":7}},"type":"if","locations":[{"start":{"line":51,"column":6},"end":{"line":59,"column":7}},{"start":{"line":57,"column":13},"end":{"line":59,"column":7}}],"line":51}},"s":{"0":0,"1":0,"2":0,"3":0,"4":0,"5":0,"6":0,"7":0,"8":0,"9":0,"10":0,"11":0,"12":0,"13":0,"14":0},"f":{"0":0,"1":0,"2":0,"3":0,"4":0,"5":0},"b":{"0":[0,0]}}
,"/Users/benstraw/dev/benstraw/grrquarterly/api/src/functions/graphql.js": {"path":"/Users/benstraw/dev/benstraw/grrquarterly/api/src/functions/graphql.js","statementMap":{"0":{"start":{"line":12,"column":23},"end":{"line":24,"column":2}},"1":{"start":{"line":22,"column":4},"end":{"line":22,"column":20}}},"fnMap":{"0":{"name":"(anonymous_0)","decl":{"start":{"line":20,"column":15},"end":{"line":20,"column":16}},"loc":{"start":{"line":20,"column":21},"end":{"line":23,"column":3}},"line":20}},"branchMap":{},"s":{"0":0,"1":0},"f":{"0":0},"b":{}}
,"/Users/benstraw/dev/benstraw/grrquarterly/api/src/graphql/adminPosts.sdl.js": {"path":"/Users/benstraw/dev/benstraw/grrquarterly/api/src/graphql/adminPosts.sdl.js","statementMap":{"0":{"start":{"line":1,"column":22},"end":{"line":23,"column":1}}},"fnMap":{},"branchMap":{},"s":{"0":0},"f":{},"b":{}}
,"/Users/benstraw/dev/benstraw/grrquarterly/api/src/graphql/comments.sdl.js": {"path":"/Users/benstraw/dev/benstraw/grrquarterly/api/src/graphql/comments.sdl.js","statementMap":{"0":{"start":{"line":1,"column":22},"end":{"line":31,"column":1}}},"fnMap":{},"branchMap":{},"s":{"0":0},"f":{},"b":{}}
,"/Users/benstraw/dev/benstraw/grrquarterly/api/src/graphql/contacts.sdl.js": {"path":"/Users/benstraw/dev/benstraw/grrquarterly/api/src/graphql/contacts.sdl.js","statementMap":{"0":{"start":{"line":1,"column":22},"end":{"line":32,"column":1}}},"fnMap":{},"branchMap":{},"s":{"0":0},"f":{},"b":{}}
,"/Users/benstraw/dev/benstraw/grrquarterly/api/src/graphql/posts.sdl.js": {"path":"/Users/benstraw/dev/benstraw/grrquarterly/api/src/graphql/posts.sdl.js","statementMap":{"0":{"start":{"line":1,"column":22},"end":{"line":14,"column":1}}},"fnMap":{},"branchMap":{},"s":{"0":0},"f":{},"b":{}}
,"/Users/benstraw/dev/benstraw/grrquarterly/api/src/graphql/users.sdl.js": {"path":"/Users/benstraw/dev/benstraw/grrquarterly/api/src/graphql/users.sdl.js","statementMap":{"0":{"start":{"line":1,"column":22},"end":{"line":44,"column":1}}},"fnMap":{},"branchMap":{},"s":{"0":0},"f":{},"b":{}}
,"/Users/benstraw/dev/benstraw/grrquarterly/api/src/lib/auth.js": {"path":"/Users/benstraw/dev/benstraw/grrquarterly/api/src/lib/auth.js","statementMap":{"0":{"start":{"line":22,"column":30},"end":{"line":31,"column":1}},"1":{"start":{"line":23,"column":2},"end":{"line":25,"column":3}},"2":{"start":{"line":24,"column":4},"end":{"line":24,"column":38}},"3":{"start":{"line":27,"column":2},"end":{"line":30,"column":4}},"4":{"start":{"line":38,"column":31},"end":{"line":40,"column":1}},"5":{"start":{"line":39,"column":2},"end":{"line":39,"column":30}},"6":{"start":{"line":55,"column":23},"end":{"line":86,"column":1}},"7":{"start":{"line":56,"column":2},"end":{"line":58,"column":3}},"8":{"start":{"line":57,"column":4},"end":{"line":57,"column":16}},"9":{"start":{"line":60,"column":27},"end":{"line":60,"column":53}},"10":{"start":{"line":62,"column":2},"end":{"line":70,"column":3}},"11":{"start":{"line":63,"column":4},"end":{"line":69,"column":5}},"12":{"start":{"line":65,"column":6},"end":{"line":65,"column":39}},"13":{"start":{"line":66,"column":11},"end":{"line":69,"column":5}},"14":{"start":{"line":68,"column":6},"end":{"line":68,"column":75}},"15":{"start":{"line":68,"column":53},"end":{"line":68,"column":74}},"16":{"start":{"line":72,"column":2},"end":{"line":82,"column":3}},"17":{"start":{"line":73,"column":4},"end":{"line":81,"column":5}},"18":{"start":{"line":75,"column":6},"end":{"line":77,"column":7}},"19":{"start":{"line":76,"column":8},"end":{"line":76,"column":35}},"20":{"start":{"line":78,"column":11},"end":{"line":81,"column":5}},"21":{"start":{"line":80,"column":6},"end":{"line":80,"column":74}},"22":{"start":{"line":80,"column":41},"end":{"line":80,"column":73}},"23":{"start":{"line":85,"column":2},"end":{"line":85,"column":14}},"24":{"start":{"line":102,"column":27},"end":{"line":110,"column":1}},"25":{"start":{"line":103,"column":2},"end":{"line":105,"column":3}},"26":{"start":{"line":104,"column":4},"end":{"line":104,"column":74}},"27":{"start":{"line":107,"column":2},"end":{"line":109,"column":3}},"28":{"start":{"line":108,"column":4},"end":{"line":108,"column":65}}},"fnMap":{"0":{"name":"(anonymous_0)","decl":{"start":{"line":22,"column":30},"end":{"line":22,"column":31}},"loc":{"start":{"line":22,"column":49},"end":{"line":31,"column":1}},"line":22},"1":{"name":"(anonymous_1)","decl":{"start":{"line":38,"column":31},"end":{"line":38,"column":32}},"loc":{"start":{"line":38,"column":37},"end":{"line":40,"column":1}},"line":38},"2":{"name":"(anonymous_2)","decl":{"start":{"line":55,"column":23},"end":{"line":55,"column":24}},"loc":{"start":{"line":55,"column":34},"end":{"line":86,"column":1}},"line":55},"3":{"name":"(anonymous_3)","decl":{"start":{"line":68,"column":36},"end":{"line":68,"column":37}},"loc":{"start":{"line":68,"column":53},"end":{"line":68,"column":74}},"line":68},"4":{"name":"(anonymous_4)","decl":{"start":{"line":75,"column":36},"end":{"line":75,"column":37}},"loc":{"start":{"line":76,"column":8},"end":{"line":76,"column":35}},"line":76},"5":{"name":"(anonymous_5)","decl":{"start":{"line":80,"column":24},"end":{"line":80,"column":25}},"loc":{"start":{"line":80,"column":41},"end":{"line":80,"column":73}},"line":80},"6":{"name":"(anonymous_6)","decl":{"start":{"line":102,"column":27},"end":{"line":102,"column":28}},"loc":{"start":{"line":102,"column":47},"end":{"line":110,"column":1}},"line":102}},"branchMap":{"0":{"loc":{"start":{"line":23,"column":2},"end":{"line":25,"column":3}},"type":"if","locations":[{"start":{"line":23,"column":2},"end":{"line":25,"column":3}},{"start":{},"end":{}}],"line":23},"1":{"loc":{"start":{"line":23,"column":6},"end":{"line":23,"column":48}},"type":"binary-expr","locations":[{"start":{"line":23,"column":6},"end":{"line":23,"column":14}},{"start":{"line":23,"column":18},"end":{"line":23,"column":48}}],"line":23},"2":{"loc":{"start":{"line":56,"column":2},"end":{"line":58,"column":3}},"type":"if","locations":[{"start":{"line":56,"column":2},"end":{"line":58,"column":3}},{"start":{},"end":{}}],"line":56},"3":{"loc":{"start":{"line":62,"column":2},"end":{"line":70,"column":3}},"type":"if","locations":[{"start":{"line":62,"column":2},"end":{"line":70,"column":3}},{"start":{},"end":{}}],"line":62},"4":{"loc":{"start":{"line":63,"column":4},"end":{"line":69,"column":5}},"type":"if","locations":[{"start":{"line":63,"column":4},"end":{"line":69,"column":5}},{"start":{"line":66,"column":11},"end":{"line":69,"column":5}}],"line":63},"5":{"loc":{"start":{"line":66,"column":11},"end":{"line":69,"column":5}},"type":"if","locations":[{"start":{"line":66,"column":11},"end":{"line":69,"column":5}},{"start":{},"end":{}}],"line":66},"6":{"loc":{"start":{"line":72,"column":2},"end":{"line":82,"column":3}},"type":"if","locations":[{"start":{"line":72,"column":2},"end":{"line":82,"column":3}},{"start":{},"end":{}}],"line":72},"7":{"loc":{"start":{"line":73,"column":4},"end":{"line":81,"column":5}},"type":"if","locations":[{"start":{"line":73,"column":4},"end":{"line":81,"column":5}},{"start":{"line":78,"column":11},"end":{"line":81,"column":5}}],"line":73},"8":{"loc":{"start":{"line":78,"column":11},"end":{"line":81,"column":5}},"type":"if","locations":[{"start":{"line":78,"column":11},"end":{"line":81,"column":5}},{"start":{},"end":{}}],"line":78},"9":{"loc":{"start":{"line":102,"column":28},"end":{"line":102,"column":42}},"type":"default-arg","locations":[{"start":{"line":102,"column":40},"end":{"line":102,"column":42}}],"line":102},"10":{"loc":{"start":{"line":103,"column":2},"end":{"line":105,"column":3}},"type":"if","locations":[{"start":{"line":103,"column":2},"end":{"line":105,"column":3}},{"start":{},"end":{}}],"line":103},"11":{"loc":{"start":{"line":107,"column":2},"end":{"line":109,"column":3}},"type":"if","locations":[{"start":{"line":107,"column":2},"end":{"line":109,"column":3}},{"start":{},"end":{}}],"line":107},"12":{"loc":{"start":{"line":107,"column":6},"end":{"line":107,"column":30}},"type":"binary-expr","locations":[{"start":{"line":107,"column":6},"end":{"line":107,"column":11}},{"start":{"line":107,"column":15},"end":{"line":107,"column":30}}],"line":107}},"s":{"0":2,"1":0,"2":0,"3":0,"4":2,"5":6,"6":2,"7":2,"8":0,"9":2,"10":2,"11":0,"12":0,"13":0,"14":0,"15":0,"16":2,"17":2,"18":1,"19":1,"20":1,"21":1,"22":1,"23":0,"24":2,"25":4,"26":1,"27":3,"28":1},"f":{"0":0,"1":6,"2":2,"3":0,"4":1,"5":1,"6":4},"b":{"0":[0,0],"1":[0,0],"2":[0,2],"3":[0,2],"4":[0,0],"5":[0,0],"6":[2,0],"7":[1,1],"8":[1,0],"9":[0],"10":[1,3],"11":[1,2],"12":[3,2]},"_coverageSchema":"1a1c01bbd47fc00a2c39e90264f33305004495a9","hash":"4162fee45b36e4f2b6866d6062fcdfd6cfc63920"}
,"/Users/benstraw/dev/benstraw/grrquarterly/api/src/lib/db.js": {"path":"/Users/benstraw/dev/benstraw/grrquarterly/api/src/lib/db.js","statementMap":{"0":{"start":{"line":13,"column":18},"end":{"line":15,"column":2}},"1":{"start":{"line":17,"column":0},"end":{"line":21,"column":2}}},"fnMap":{},"branchMap":{},"s":{"0":6,"1":6},"f":{},"b":{},"_coverageSchema":"1a1c01bbd47fc00a2c39e90264f33305004495a9","hash":"f12ac999e10864eff35c4aee7eba02d100feef71"}
,"/Users/benstraw/dev/benstraw/grrquarterly/api/src/lib/logger.js": {"path":"/Users/benstraw/dev/benstraw/grrquarterly/api/src/lib/logger.js","statementMap":{"0":{"start":{"line":17,"column":22},"end":{"line":17,"column":38}}},"fnMap":{},"branchMap":{},"s":{"0":6},"f":{},"b":{},"_coverageSchema":"1a1c01bbd47fc00a2c39e90264f33305004495a9","hash":"1c9f715356e0c1678cceaa11cf5505d9e4fd947f"}
,"/Users/benstraw/dev/benstraw/grrquarterly/api/src/services/adminPosts/adminPosts.js": {"path":"/Users/benstraw/dev/benstraw/grrquarterly/api/src/services/adminPosts/adminPosts.js","statementMap":{"0":{"start":{"line":5,"column":26},"end":{"line":11,"column":1}},"1":{"start":{"line":6,"column":2},"end":{"line":10,"column":3}},"2":{"start":{"line":7,"column":4},"end":{"line":7,"column":15}},"3":{"start":{"line":9,"column":4},"end":{"line":9,"column":66}},"4":{"start":{"line":13,"column":26},"end":{"line":15,"column":1}},"5":{"start":{"line":14,"column":2},"end":{"line":14,"column":72}},"6":{"start":{"line":17,"column":25},"end":{"line":21,"column":1}},"7":{"start":{"line":18,"column":2},"end":{"line":20,"column":4}},"8":{"start":{"line":23,"column":26},"end":{"line":27,"column":1}},"9":{"start":{"line":24,"column":2},"end":{"line":26,"column":4}},"10":{"start":{"line":29,"column":26},"end":{"line":36,"column":1}},"11":{"start":{"line":30,"column":2},"end":{"line":30,"column":33}},"12":{"start":{"line":32,"column":2},"end":{"line":35,"column":4}},"13":{"start":{"line":38,"column":26},"end":{"line":44,"column":1}},"14":{"start":{"line":39,"column":2},"end":{"line":39,"column":33}},"15":{"start":{"line":41,"column":2},"end":{"line":43,"column":4}}},"fnMap":{"0":{"name":"(anonymous_0)","decl":{"start":{"line":5,"column":26},"end":{"line":5,"column":27}},"loc":{"start":{"line":5,"column":44},"end":{"line":11,"column":1}},"line":5},"1":{"name":"(anonymous_1)","decl":{"start":{"line":13,"column":26},"end":{"line":13,"column":27}},"loc":{"start":{"line":13,"column":32},"end":{"line":15,"column":1}},"line":13},"2":{"name":"(anonymous_2)","decl":{"start":{"line":17,"column":25},"end":{"line":17,"column":26}},"loc":{"start":{"line":17,"column":37},"end":{"line":21,"column":1}},"line":17},"3":{"name":"(anonymous_3)","decl":{"start":{"line":23,"column":26},"end":{"line":23,"column":27}},"loc":{"start":{"line":23,"column":41},"end":{"line":27,"column":1}},"line":23},"4":{"name":"(anonymous_4)","decl":{"start":{"line":29,"column":26},"end":{"line":29,"column":27}},"loc":{"start":{"line":29,"column":51},"end":{"line":36,"column":1}},"line":29},"5":{"name":"(anonymous_5)","decl":{"start":{"line":38,"column":26},"end":{"line":38,"column":27}},"loc":{"start":{"line":38,"column":44},"end":{"line":44,"column":1}},"line":38}},"branchMap":{"0":{"loc":{"start":{"line":6,"column":2},"end":{"line":10,"column":3}},"type":"if","locations":[{"start":{"line":6,"column":2},"end":{"line":10,"column":3}},{"start":{"line":8,"column":9},"end":{"line":10,"column":3}}],"line":6}},"s":{"0":1,"1":2,"2":2,"3":0,"4":1,"5":1,"6":1,"7":5,"8":1,"9":1,"10":1,"11":1,"12":1,"13":1,"14":1,"15":1},"f":{"0":2,"1":1,"2":5,"3":1,"4":1,"5":1},"b":{"0":[2,0]},"_coverageSchema":"1a1c01bbd47fc00a2c39e90264f33305004495a9","hash":"48366c4914473f010772ab1574a68392d9534972"}
,"/Users/benstraw/dev/benstraw/grrquarterly/api/src/services/adminPosts/adminPosts.scenarios.js": {"path":"/Users/benstraw/dev/benstraw/grrquarterly/api/src/services/adminPosts/adminPosts.scenarios.js","statementMap":{"0":{"start":{"line":1,"column":24},"end":{"line":41,"column":2}}},"fnMap":{},"branchMap":{},"s":{"0":1},"f":{},"b":{},"_coverageSchema":"1a1c01bbd47fc00a2c39e90264f33305004495a9","hash":"f5f76f6b3cf44d86669336446953b4d0c0260afe"}
,"/Users/benstraw/dev/benstraw/grrquarterly/api/src/services/comments/comments.js": {"path":"/Users/benstraw/dev/benstraw/grrquarterly/api/src/services/comments/comments.js","statementMap":{"0":{"start":{"line":4,"column":24},"end":{"line":6,"column":1}},"1":{"start":{"line":5,"column":2},"end":{"line":5,"column":51}},"2":{"start":{"line":8,"column":23},"end":{"line":12,"column":1}},"3":{"start":{"line":9,"column":2},"end":{"line":11,"column":4}},"4":{"start":{"line":14,"column":23},"end":{"line":18,"column":1}},"5":{"start":{"line":16,"column":4},"end":{"line":16,"column":68}},"6":{"start":{"line":20,"column":29},"end":{"line":24,"column":1}},"7":{"start":{"line":21,"column":2},"end":{"line":23,"column":4}},"8":{"start":{"line":26,"column":29},"end":{"line":31,"column":1}},"9":{"start":{"line":27,"column":2},"end":{"line":27,"column":39}},"10":{"start":{"line":28,"column":2},"end":{"line":30,"column":4}}},"fnMap":{"0":{"name":"(anonymous_0)","decl":{"start":{"line":4,"column":24},"end":{"line":4,"column":25}},"loc":{"start":{"line":4,"column":40},"end":{"line":6,"column":1}},"line":4},"1":{"name":"(anonymous_1)","decl":{"start":{"line":8,"column":23},"end":{"line":8,"column":24}},"loc":{"start":{"line":8,"column":35},"end":{"line":12,"column":1}},"line":8},"2":{"name":"(anonymous_2)","decl":{"start":{"line":15,"column":8},"end":{"line":15,"column":9}},"loc":{"start":{"line":15,"column":28},"end":{"line":17,"column":3}},"line":15},"3":{"name":"(anonymous_3)","decl":{"start":{"line":20,"column":29},"end":{"line":20,"column":30}},"loc":{"start":{"line":20,"column":44},"end":{"line":24,"column":1}},"line":20},"4":{"name":"(anonymous_4)","decl":{"start":{"line":26,"column":29},"end":{"line":26,"column":30}},"loc":{"start":{"line":26,"column":41},"end":{"line":31,"column":1}},"line":26}},"branchMap":{},"s":{"0":1,"1":2,"2":1,"3":1,"4":1,"5":0,"6":1,"7":1,"8":1,"9":3,"10":1},"f":{"0":2,"1":1,"2":0,"3":1,"4":3},"b":{},"_coverageSchema":"1a1c01bbd47fc00a2c39e90264f33305004495a9","hash":"4432bb0f8b0a8cb1ca0ba8ad830636b0649f961d"}
,"/Users/benstraw/dev/benstraw/grrquarterly/api/src/services/comments/comments.scenarios.js": {"path":"/Users/benstraw/dev/benstraw/grrquarterly/api/src/services/comments/comments.scenarios.js","statementMap":{"0":{"start":{"line":1,"column":24},"end":{"line":42,"column":2}},"1":{"start":{"line":44,"column":24},"end":{"line":60,"column":2}}},"fnMap":{},"branchMap":{},"s":{"0":1,"1":1},"f":{},"b":{},"_coverageSchema":"1a1c01bbd47fc00a2c39e90264f33305004495a9","hash":"6ff71662eda52370ec27b2f100a899e0ef2f9faf"}
,"/Users/benstraw/dev/benstraw/grrquarterly/api/src/services/contacts/contacts.js": {"path":"/Users/benstraw/dev/benstraw/grrquarterly/api/src/services/contacts/contacts.js","statementMap":{"0":{"start":{"line":4,"column":24},"end":{"line":6,"column":1}},"1":{"start":{"line":5,"column":2},"end":{"line":5,"column":30}},"2":{"start":{"line":8,"column":23},"end":{"line":12,"column":1}},"3":{"start":{"line":9,"column":2},"end":{"line":11,"column":4}},"4":{"start":{"line":14,"column":29},"end":{"line":20,"column":1}},"5":{"start":{"line":15,"column":2},"end":{"line":15,"column":49}},"6":{"start":{"line":17,"column":2},"end":{"line":19,"column":4}},"7":{"start":{"line":22,"column":29},"end":{"line":27,"column":1}},"8":{"start":{"line":23,"column":2},"end":{"line":26,"column":4}},"9":{"start":{"line":29,"column":29},"end":{"line":33,"column":1}},"10":{"start":{"line":30,"column":2},"end":{"line":32,"column":4}}},"fnMap":{"0":{"name":"(anonymous_0)","decl":{"start":{"line":4,"column":24},"end":{"line":4,"column":25}},"loc":{"start":{"line":4,"column":30},"end":{"line":6,"column":1}},"line":4},"1":{"name":"(anonymous_1)","decl":{"start":{"line":8,"column":23},"end":{"line":8,"column":24}},"loc":{"start":{"line":8,"column":35},"end":{"line":12,"column":1}},"line":8},"2":{"name":"(anonymous_2)","decl":{"start":{"line":14,"column":29},"end":{"line":14,"column":30}},"loc":{"start":{"line":14,"column":44},"end":{"line":20,"column":1}},"line":14},"3":{"name":"(anonymous_3)","decl":{"start":{"line":22,"column":29},"end":{"line":22,"column":30}},"loc":{"start":{"line":22,"column":48},"end":{"line":27,"column":1}},"line":22},"4":{"name":"(anonymous_4)","decl":{"start":{"line":29,"column":29},"end":{"line":29,"column":30}},"loc":{"start":{"line":29,"column":41},"end":{"line":33,"column":1}},"line":29}},"branchMap":{},"s":{"0":1,"1":1,"2":1,"3":3,"4":1,"5":1,"6":1,"7":1,"8":1,"9":1,"10":1},"f":{"0":1,"1":3,"2":1,"3":1,"4":1},"b":{},"_coverageSchema":"1a1c01bbd47fc00a2c39e90264f33305004495a9","hash":"26394e7a88c7adf91d915d56100028b71b4c4efe"}
,"/Users/benstraw/dev/benstraw/grrquarterly/api/src/services/contacts/contacts.scenarios.js": {"path":"/Users/benstraw/dev/benstraw/grrquarterly/api/src/services/contacts/contacts.scenarios.js","statementMap":{"0":{"start":{"line":1,"column":24},"end":{"line":11,"column":2}}},"fnMap":{},"branchMap":{},"s":{"0":1},"f":{},"b":{},"_coverageSchema":"1a1c01bbd47fc00a2c39e90264f33305004495a9","hash":"f43acf591cc3ec01a21e306130b4caeb52cc5efe"}
,"/Users/benstraw/dev/benstraw/grrquarterly/api/src/services/posts/posts.js": {"path":"/Users/benstraw/dev/benstraw/grrquarterly/api/src/services/posts/posts.js","statementMap":{"0":{"start":{"line":3,"column":21},"end":{"line":5,"column":1}},"1":{"start":{"line":4,"column":2},"end":{"line":4,"column":27}},"2":{"start":{"line":7,"column":20},"end":{"line":9,"column":1}},"3":{"start":{"line":8,"column":2},"end":{"line":8,"column":46}},"4":{"start":{"line":11,"column":20},"end":{"line":14,"column":1}},"5":{"start":{"line":13,"column":4},"end":{"line":13,"column":56}}},"fnMap":{"0":{"name":"(anonymous_0)","decl":{"start":{"line":3,"column":21},"end":{"line":3,"column":22}},"loc":{"start":{"line":3,"column":27},"end":{"line":5,"column":1}},"line":3},"1":{"name":"(anonymous_1)","decl":{"start":{"line":7,"column":20},"end":{"line":7,"column":21}},"loc":{"start":{"line":7,"column":32},"end":{"line":9,"column":1}},"line":7},"2":{"name":"(anonymous_2)","decl":{"start":{"line":12,"column":8},"end":{"line":12,"column":9}},"loc":{"start":{"line":13,"column":4},"end":{"line":13,"column":56}},"line":13}},"branchMap":{},"s":{"0":1,"1":1,"2":1,"3":1,"4":1,"5":0},"f":{"0":1,"1":1,"2":0},"b":{},"_coverageSchema":"1a1c01bbd47fc00a2c39e90264f33305004495a9","hash":"594c5ce350e140cfc0616a83d5b0089d55b4c701"}
,"/Users/benstraw/dev/benstraw/grrquarterly/api/src/services/posts/posts.scenarios.js": {"path":"/Users/benstraw/dev/benstraw/grrquarterly/api/src/services/posts/posts.scenarios.js","statementMap":{"0":{"start":{"line":1,"column":24},"end":{"line":46,"column":2}}},"fnMap":{},"branchMap":{},"s":{"0":1},"f":{},"b":{},"_coverageSchema":"1a1c01bbd47fc00a2c39e90264f33305004495a9","hash":"58e3af7f55794d33eaedecee7921d17184275317"}
,"/Users/benstraw/dev/benstraw/grrquarterly/api/src/services/users/users.js": {"path":"/Users/benstraw/dev/benstraw/grrquarterly/api/src/services/users/users.js","statementMap":{"0":{"start":{"line":3,"column":21},"end":{"line":5,"column":1}},"1":{"start":{"line":4,"column":2},"end":{"line":4,"column":27}},"2":{"start":{"line":7,"column":20},"end":{"line":11,"column":1}},"3":{"start":{"line":8,"column":2},"end":{"line":10,"column":4}},"4":{"start":{"line":13,"column":26},"end":{"line":17,"column":1}},"5":{"start":{"line":14,"column":2},"end":{"line":16,"column":4}},"6":{"start":{"line":19,"column":26},"end":{"line":24,"column":1}},"7":{"start":{"line":20,"column":2},"end":{"line":23,"column":4}},"8":{"start":{"line":26,"column":26},"end":{"line":30,"column":1}},"9":{"start":{"line":27,"column":2},"end":{"line":29,"column":4}},"10":{"start":{"line":32,"column":20},"end":{"line":36,"column":1}},"11":{"start":{"line":34,"column":4},"end":{"line":34,"column":66}}},"fnMap":{"0":{"name":"(anonymous_0)","decl":{"start":{"line":3,"column":21},"end":{"line":3,"column":22}},"loc":{"start":{"line":3,"column":27},"end":{"line":5,"column":1}},"line":3},"1":{"name":"(anonymous_1)","decl":{"start":{"line":7,"column":20},"end":{"line":7,"column":21}},"loc":{"start":{"line":7,"column":32},"end":{"line":11,"column":1}},"line":7},"2":{"name":"(anonymous_2)","decl":{"start":{"line":13,"column":26},"end":{"line":13,"column":27}},"loc":{"start":{"line":13,"column":41},"end":{"line":17,"column":1}},"line":13},"3":{"name":"(anonymous_3)","decl":{"start":{"line":19,"column":26},"end":{"line":19,"column":27}},"loc":{"start":{"line":19,"column":45},"end":{"line":24,"column":1}},"line":19},"4":{"name":"(anonymous_4)","decl":{"start":{"line":26,"column":26},"end":{"line":26,"column":27}},"loc":{"start":{"line":26,"column":38},"end":{"line":30,"column":1}},"line":26},"5":{"name":"(anonymous_5)","decl":{"start":{"line":33,"column":9},"end":{"line":33,"column":10}},"loc":{"start":{"line":33,"column":29},"end":{"line":35,"column":3}},"line":33}},"branchMap":{},"s":{"0":1,"1":1,"2":1,"3":3,"4":1,"5":1,"6":1,"7":1,"8":1,"9":1,"10":1,"11":0},"f":{"0":1,"1":3,"2":1,"3":1,"4":1,"5":0},"b":{},"_coverageSchema":"1a1c01bbd47fc00a2c39e90264f33305004495a9","hash":"68c21ede1958e850fb8ebd59eb9da9d58b750d58"}
,"/Users/benstraw/dev/benstraw/grrquarterly/api/src/services/users/users.scenarios.js": {"path":"/Users/benstraw/dev/benstraw/grrquarterly/api/src/services/users/users.scenarios.js","statementMap":{"0":{"start":{"line":1,"column":24},"end":{"line":18,"column":2}}},"fnMap":{},"branchMap":{},"s":{"0":1},"f":{},"b":{},"_coverageSchema":"1a1c01bbd47fc00a2c39e90264f33305004495a9","hash":"c6435fc4d8f83536db49d5c42f5a82c5a2e0939b"}
,"/Users/benstraw/dev/benstraw/grrquarterly/web/src/App.js": {"path":"/Users/benstraw/dev/benstraw/grrquarterly/web/src/App.js","statementMap":{"0":{"start":{"line":12,"column":12},"end":{"line":22,"column":1}},"1":{"start":{"line":13,"column":2},"end":{"line":21,"column":23}}},"fnMap":{"0":{"name":"(anonymous_0)","decl":{"start":{"line":12,"column":12},"end":{"line":12,"column":13}},"loc":{"start":{"line":13,"column":2},"end":{"line":21,"column":23}},"line":13}},"branchMap":{},"s":{"0":0,"1":0},"f":{"0":0},"b":{}}
,"/Users/benstraw/dev/benstraw/grrquarterly/web/src/Routes.js": {"path":"/Users/benstraw/dev/benstraw/grrquarterly/web/src/Routes.js","statementMap":{"0":{"start":{"line":18,"column":15},"end":{"line":52,"column":1}},"1":{"start":{"line":19,"column":2},"end":{"line":51,"column":3}}},"fnMap":{"0":{"name":"(anonymous_0)","decl":{"start":{"line":18,"column":15},"end":{"line":18,"column":16}},"loc":{"start":{"line":18,"column":21},"end":{"line":52,"column":1}},"line":18}},"branchMap":{},"s":{"0":16,"1":40},"f":{"0":40},"b":{},"_coverageSchema":"1a1c01bbd47fc00a2c39e90264f33305004495a9","hash":"f34d5a3f4fa9614179a6772c404fd0a4102a87cb"}
,"/Users/benstraw/dev/benstraw/grrquarterly/web/src/auth.js": {"path":"/Users/benstraw/dev/benstraw/grrquarterly/web/src/auth.js","statementMap":{"0":{"start":{"line":3,"column":21},"end":{"line":3,"column":41}},"1":{"start":{"line":5,"column":41},"end":{"line":5,"column":65}}},"fnMap":{},"branchMap":{},"s":{"0":16,"1":16},"f":{},"b":{},"_coverageSchema":"1a1c01bbd47fc00a2c39e90264f33305004495a9","hash":"fb6df127bd9a1df2a34c7b9fd98659af08463a25"}
,"/Users/benstraw/dev/benstraw/grrquarterly/web/src/components/Article/Article.js": {"path":"/Users/benstraw/dev/benstraw/grrquarterly/web/src/components/Article/Article.js","statementMap":{"0":{"start":{"line":6,"column":17},"end":{"line":8,"column":1}},"1":{"start":{"line":7,"column":2},"end":{"line":7,"column":42}},"2":{"start":{"line":10,"column":16},"end":{"line":34,"column":1}},"3":{"start":{"line":11,"column":2},"end":{"line":33,"column":3}}},"fnMap":{"0":{"name":"(anonymous_0)","decl":{"start":{"line":6,"column":17},"end":{"line":6,"column":18}},"loc":{"start":{"line":6,"column":35},"end":{"line":8,"column":1}},"line":6},"1":{"name":"(anonymous_1)","decl":{"start":{"line":10,"column":16},"end":{"line":10,"column":17}},"loc":{"start":{"line":10,"column":50},"end":{"line":34,"column":1}},"line":10}},"branchMap":{"0":{"loc":{"start":{"line":10,"column":28},"end":{"line":10,"column":43}},"type":"default-arg","locations":[{"start":{"line":10,"column":38},"end":{"line":10,"column":43}}],"line":10},"1":{"loc":{"start":{"line":22,"column":9},"end":{"line":22,"column":61}},"type":"cond-expr","locations":[{"start":{"line":22,"column":19},"end":{"line":22,"column":46}},{"start":{"line":22,"column":49},"end":{"line":22,"column":61}}],"line":22},"2":{"loc":{"start":{"line":24,"column":7},"end":{"line":31,"column":7}},"type":"binary-expr","locations":[{"start":{"line":24,"column":7},"end":{"line":24,"column":15}},{"start":{"line":25,"column":8},"end":{"line":30,"column":14}}],"line":24}},"s":{"0":5,"1":4,"2":5,"3":8},"f":{"0":4,"1":8},"b":{"0":[4],"1":[4,4],"2":[8,4]},"_coverageSchema":"1a1c01bbd47fc00a2c39e90264f33305004495a9","hash":"95bdbf5c1ebaecee5c71e51f0decbc9ffa2188c4"}
,"/Users/benstraw/dev/benstraw/grrquarterly/web/src/components/Article/Article.stories.js": {"path":"/Users/benstraw/dev/benstraw/grrquarterly/web/src/components/Article/Article.stories.js","statementMap":{"0":{"start":{"line":3,"column":16},"end":{"line":11,"column":1}},"1":{"start":{"line":13,"column":20},"end":{"line":15,"column":1}},"2":{"start":{"line":14,"column":2},"end":{"line":14,"column":38}},"3":{"start":{"line":17,"column":23},"end":{"line":19,"column":1}},"4":{"start":{"line":18,"column":2},"end":{"line":18,"column":53}}},"fnMap":{"0":{"name":"(anonymous_0)","decl":{"start":{"line":13,"column":20},"end":{"line":13,"column":21}},"loc":{"start":{"line":13,"column":26},"end":{"line":15,"column":1}},"line":13},"1":{"name":"(anonymous_1)","decl":{"start":{"line":17,"column":23},"end":{"line":17,"column":24}},"loc":{"start":{"line":17,"column":29},"end":{"line":19,"column":1}},"line":17}},"branchMap":{},"s":{"0":0,"1":0,"2":0,"3":0,"4":0},"f":{"0":0,"1":0},"b":{}}
,"/Users/benstraw/dev/benstraw/grrquarterly/web/src/components/ArticleCell/ArticleCell.js": {"path":"/Users/benstraw/dev/benstraw/grrquarterly/web/src/components/ArticleCell/ArticleCell.js","statementMap":{"0":{"start":{"line":3,"column":21},"end":{"line":15,"column":1}},"1":{"start":{"line":17,"column":23},"end":{"line":17,"column":50}},"2":{"start":{"line":17,"column":29},"end":{"line":17,"column":50}},"3":{"start":{"line":19,"column":21},"end":{"line":19,"column":43}},"4":{"start":{"line":19,"column":27},"end":{"line":19,"column":43}},"5":{"start":{"line":21,"column":23},"end":{"line":21,"column":71}},"6":{"start":{"line":21,"column":38},"end":{"line":21,"column":71}},"7":{"start":{"line":23,"column":23},"end":{"line":25,"column":1}},"8":{"start":{"line":24,"column":2},"end":{"line":24,"column":38}}},"fnMap":{"0":{"name":"(anonymous_0)","decl":{"start":{"line":17,"column":23},"end":{"line":17,"column":24}},"loc":{"start":{"line":17,"column":29},"end":{"line":17,"column":50}},"line":17},"1":{"name":"(anonymous_1)","decl":{"start":{"line":19,"column":21},"end":{"line":19,"column":22}},"loc":{"start":{"line":19,"column":27},"end":{"line":19,"column":43}},"line":19},"2":{"name":"(anonymous_2)","decl":{"start":{"line":21,"column":23},"end":{"line":21,"column":24}},"loc":{"start":{"line":21,"column":38},"end":{"line":21,"column":71}},"line":21},"3":{"name":"(anonymous_3)","decl":{"start":{"line":23,"column":23},"end":{"line":23,"column":24}},"loc":{"start":{"line":23,"column":40},"end":{"line":25,"column":1}},"line":23}},"branchMap":{},"s":{"0":2,"1":2,"2":2,"3":2,"4":1,"5":2,"6":1,"7":2,"8":1},"f":{"0":2,"1":1,"2":1,"3":1},"b":{},"_coverageSchema":"1a1c01bbd47fc00a2c39e90264f33305004495a9","hash":"4e9d579ca8fc8cfcdb6ccd1502761f2e788b90fe"}
,"/Users/benstraw/dev/benstraw/grrquarterly/web/src/components/ArticleCell/ArticleCell.mock.js": {"path":"/Users/benstraw/dev/benstraw/grrquarterly/web/src/components/ArticleCell/ArticleCell.mock.js","statementMap":{"0":{"start":{"line":2,"column":24},"end":{"line":14,"column":1}},"1":{"start":{"line":3,"column":2},"end":{"line":13,"column":3}}},"fnMap":{"0":{"name":"(anonymous_0)","decl":{"start":{"line":2,"column":24},"end":{"line":2,"column":25}},"loc":{"start":{"line":2,"column":30},"end":{"line":14,"column":1}},"line":2}},"branchMap":{},"s":{"0":16,"1":1},"f":{"0":1},"b":{},"_coverageSchema":"1a1c01bbd47fc00a2c39e90264f33305004495a9","hash":"9a22e579f3a202e1cbc48e4b70a916930fa543e9"}
,"/Users/benstraw/dev/benstraw/grrquarterly/web/src/components/ArticleCell/ArticleCell.stories.js": {"path":"/Users/benstraw/dev/benstraw/grrquarterly/web/src/components/ArticleCell/ArticleCell.stories.js","statementMap":{"0":{"start":{"line":4,"column":23},"end":{"line":6,"column":1}},"1":{"start":{"line":5,"column":2},"end":{"line":5,"column":37}},"2":{"start":{"line":8,"column":21},"end":{"line":10,"column":1}},"3":{"start":{"line":9,"column":2},"end":{"line":9,"column":33}},"4":{"start":{"line":12,"column":23},"end":{"line":14,"column":1}},"5":{"start":{"line":13,"column":2},"end":{"line":13,"column":64}},"6":{"start":{"line":16,"column":23},"end":{"line":18,"column":1}},"7":{"start":{"line":17,"column":2},"end":{"line":17,"column":66}}},"fnMap":{"0":{"name":"(anonymous_0)","decl":{"start":{"line":4,"column":23},"end":{"line":4,"column":24}},"loc":{"start":{"line":4,"column":29},"end":{"line":6,"column":1}},"line":4},"1":{"name":"(anonymous_1)","decl":{"start":{"line":8,"column":21},"end":{"line":8,"column":22}},"loc":{"start":{"line":8,"column":27},"end":{"line":10,"column":1}},"line":8},"2":{"name":"(anonymous_2)","decl":{"start":{"line":12,"column":23},"end":{"line":12,"column":24}},"loc":{"start":{"line":12,"column":29},"end":{"line":14,"column":1}},"line":12},"3":{"name":"(anonymous_3)","decl":{"start":{"line":16,"column":23},"end":{"line":16,"column":24}},"loc":{"start":{"line":16,"column":29},"end":{"line":18,"column":1}},"line":16}},"branchMap":{"0":{"loc":{"start":{"line":5,"column":9},"end":{"line":5,"column":37}},"type":"cond-expr","locations":[{"start":{"line":5,"column":19},"end":{"line":5,"column":30}},{"start":{"line":5,"column":33},"end":{"line":5,"column":37}}],"line":5},"1":{"loc":{"start":{"line":9,"column":9},"end":{"line":9,"column":33}},"type":"cond-expr","locations":[{"start":{"line":9,"column":17},"end":{"line":9,"column":26}},{"start":{"line":9,"column":29},"end":{"line":9,"column":33}}],"line":9},"2":{"loc":{"start":{"line":13,"column":9},"end":{"line":13,"column":64}},"type":"cond-expr","locations":[{"start":{"line":13,"column":19},"end":{"line":13,"column":57}},{"start":{"line":13,"column":60},"end":{"line":13,"column":64}}],"line":13},"3":{"loc":{"start":{"line":17,"column":9},"end":{"line":17,"column":66}},"type":"cond-expr","locations":[{"start":{"line":17,"column":19},"end":{"line":17,"column":59}},{"start":{"line":17,"column":62},"end":{"line":17,"column":66}}],"line":17}},"s":{"0":0,"1":0,"2":0,"3":0,"4":0,"5":0,"6":0,"7":0},"f":{"0":0,"1":0,"2":0,"3":0},"b":{"0":[0,0],"1":[0,0],"2":[0,0],"3":[0,0]}}
,"/Users/benstraw/dev/benstraw/grrquarterly/web/src/components/ArticlesCell/ArticlesCell.js": {"path":"/Users/benstraw/dev/benstraw/grrquarterly/web/src/components/ArticlesCell/ArticlesCell.js","statementMap":{"0":{"start":{"line":3,"column":21},"end":{"line":15,"column":1}},"1":{"start":{"line":17,"column":23},"end":{"line":17,"column":50}},"2":{"start":{"line":17,"column":29},"end":{"line":17,"column":50}},"3":{"start":{"line":19,"column":21},"end":{"line":19,"column":43}},"4":{"start":{"line":19,"column":27},"end":{"line":19,"column":43}},"5":{"start":{"line":21,"column":23},"end":{"line":21,"column":71}},"6":{"start":{"line":21,"column":38},"end":{"line":21,"column":71}},"7":{"start":{"line":23,"column":23},"end":{"line":31,"column":1}},"8":{"start":{"line":24,"column":2},"end":{"line":30,"column":3}},"9":{"start":{"line":27,"column":8},"end":{"line":27,"column":69}}},"fnMap":{"0":{"name":"(anonymous_0)","decl":{"start":{"line":17,"column":23},"end":{"line":17,"column":24}},"loc":{"start":{"line":17,"column":29},"end":{"line":17,"column":50}},"line":17},"1":{"name":"(anonymous_1)","decl":{"start":{"line":19,"column":21},"end":{"line":19,"column":22}},"loc":{"start":{"line":19,"column":27},"end":{"line":19,"column":43}},"line":19},"2":{"name":"(anonymous_2)","decl":{"start":{"line":21,"column":23},"end":{"line":21,"column":24}},"loc":{"start":{"line":21,"column":38},"end":{"line":21,"column":71}},"line":21},"3":{"name":"(anonymous_3)","decl":{"start":{"line":23,"column":23},"end":{"line":23,"column":24}},"loc":{"start":{"line":23,"column":41},"end":{"line":31,"column":1}},"line":23},"4":{"name":"(anonymous_4)","decl":{"start":{"line":26,"column":20},"end":{"line":26,"column":21}},"loc":{"start":{"line":27,"column":8},"end":{"line":27,"column":69}},"line":27}},"branchMap":{},"s":{"0":2,"1":2,"2":2,"3":2,"4":1,"5":2,"6":1,"7":2,"8":1,"9":2},"f":{"0":2,"1":1,"2":1,"3":1,"4":2},"b":{},"_coverageSchema":"1a1c01bbd47fc00a2c39e90264f33305004495a9","hash":"1153f4d4d2bb3af47512e8c9466239a82cab218e"}
,"/Users/benstraw/dev/benstraw/grrquarterly/web/src/components/ArticlesCell/ArticlesCell.mock.js": {"path":"/Users/benstraw/dev/benstraw/grrquarterly/web/src/components/ArticlesCell/ArticlesCell.mock.js","statementMap":{"0":{"start":{"line":2,"column":24},"end":{"line":25,"column":1}},"1":{"start":{"line":3,"column":2},"end":{"line":24,"column":3}}},"fnMap":{"0":{"name":"(anonymous_0)","decl":{"start":{"line":2,"column":24},"end":{"line":2,"column":25}},"loc":{"start":{"line":2,"column":30},"end":{"line":25,"column":1}},"line":2}},"branchMap":{},"s":{"0":16,"1":1},"f":{"0":1},"b":{},"_coverageSchema":"1a1c01bbd47fc00a2c39e90264f33305004495a9","hash":"c35b519961af2eb0d5494604b49c84e4dd07cb04"}
,"/Users/benstraw/dev/benstraw/grrquarterly/web/src/components/ArticlesCell/ArticlesCell.stories.js": {"path":"/Users/benstraw/dev/benstraw/grrquarterly/web/src/components/ArticlesCell/ArticlesCell.stories.js","statementMap":{"0":{"start":{"line":4,"column":23},"end":{"line":6,"column":1}},"1":{"start":{"line":5,"column":2},"end":{"line":5,"column":37}},"2":{"start":{"line":8,"column":21},"end":{"line":10,"column":1}},"3":{"start":{"line":9,"column":2},"end":{"line":9,"column":33}},"4":{"start":{"line":12,"column":23},"end":{"line":14,"column":1}},"5":{"start":{"line":13,"column":2},"end":{"line":13,"column":64}},"6":{"start":{"line":16,"column":23},"end":{"line":18,"column":1}},"7":{"start":{"line":17,"column":2},"end":{"line":17,"column":68}}},"fnMap":{"0":{"name":"(anonymous_0)","decl":{"start":{"line":4,"column":23},"end":{"line":4,"column":24}},"loc":{"start":{"line":4,"column":29},"end":{"line":6,"column":1}},"line":4},"1":{"name":"(anonymous_1)","decl":{"start":{"line":8,"column":21},"end":{"line":8,"column":22}},"loc":{"start":{"line":8,"column":27},"end":{"line":10,"column":1}},"line":8},"2":{"name":"(anonymous_2)","decl":{"start":{"line":12,"column":23},"end":{"line":12,"column":24}},"loc":{"start":{"line":12,"column":29},"end":{"line":14,"column":1}},"line":12},"3":{"name":"(anonymous_3)","decl":{"start":{"line":16,"column":23},"end":{"line":16,"column":24}},"loc":{"start":{"line":16,"column":29},"end":{"line":18,"column":1}},"line":16}},"branchMap":{"0":{"loc":{"start":{"line":5,"column":9},"end":{"line":5,"column":37}},"type":"cond-expr","locations":[{"start":{"line":5,"column":19},"end":{"line":5,"column":30}},{"start":{"line":5,"column":33},"end":{"line":5,"column":37}}],"line":5},"1":{"loc":{"start":{"line":9,"column":9},"end":{"line":9,"column":33}},"type":"cond-expr","locations":[{"start":{"line":9,"column":17},"end":{"line":9,"column":26}},{"start":{"line":9,"column":29},"end":{"line":9,"column":33}}],"line":9},"2":{"loc":{"start":{"line":13,"column":9},"end":{"line":13,"column":64}},"type":"cond-expr","locations":[{"start":{"line":13,"column":19},"end":{"line":13,"column":57}},{"start":{"line":13,"column":60},"end":{"line":13,"column":64}}],"line":13},"3":{"loc":{"start":{"line":17,"column":9},"end":{"line":17,"column":68}},"type":"cond-expr","locations":[{"start":{"line":17,"column":19},"end":{"line":17,"column":61}},{"start":{"line":17,"column":64},"end":{"line":17,"column":68}}],"line":17}},"s":{"0":0,"1":0,"2":0,"3":0,"4":0,"5":0,"6":0,"7":0},"f":{"0":0,"1":0,"2":0,"3":0},"b":{"0":[0,0],"1":[0,0],"2":[0,0],"3":[0,0]}}
,"/Users/benstraw/dev/benstraw/grrquarterly/web/src/components/Comment/Comment.js": {"path":"/Users/benstraw/dev/benstraw/grrquarterly/web/src/components/Comment/Comment.js","statementMap":{"0":{"start":{"line":6,"column":15},"end":{"line":12,"column":1}},"1":{"start":{"line":14,"column":22},"end":{"line":18,"column":1}},"2":{"start":{"line":15,"column":21},"end":{"line":15,"column":39}},"3":{"start":{"line":16,"column":16},"end":{"line":16,"column":71}},"4":{"start":{"line":17,"column":2},"end":{"line":17,"column":71}},"5":{"start":{"line":20,"column":16},"end":{"line":59,"column":1}},"6":{"start":{"line":21,"column":22},"end":{"line":21,"column":31}},"7":{"start":{"line":22,"column":26},"end":{"line":29,"column":4}},"8":{"start":{"line":31,"column":19},"end":{"line":37,"column":3}},"9":{"start":{"line":32,"column":4},"end":{"line":36,"column":5}},"10":{"start":{"line":33,"column":6},"end":{"line":35,"column":8}},"11":{"start":{"line":39,"column":2},"end":{"line":58,"column":3}}},"fnMap":{"0":{"name":"(anonymous_0)","decl":{"start":{"line":14,"column":22},"end":{"line":14,"column":23}},"loc":{"start":{"line":14,"column":36},"end":{"line":18,"column":1}},"line":14},"1":{"name":"(anonymous_1)","decl":{"start":{"line":20,"column":16},"end":{"line":20,"column":17}},"loc":{"start":{"line":20,"column":33},"end":{"line":59,"column":1}},"line":20},"2":{"name":"(anonymous_2)","decl":{"start":{"line":31,"column":19},"end":{"line":31,"column":20}},"loc":{"start":{"line":31,"column":25},"end":{"line":37,"column":3}},"line":31}},"branchMap":{"0":{"loc":{"start":{"line":32,"column":4},"end":{"line":36,"column":5}},"type":"if","locations":[{"start":{"line":32,"column":4},"end":{"line":36,"column":5}},{"start":{},"end":{}}],"line":32},"1":{"loc":{"start":{"line":48,"column":7},"end":{"line":56,"column":7}},"type":"binary-expr","locations":[{"start":{"line":48,"column":7},"end":{"line":48,"column":27}},{"start":{"line":49,"column":8},"end":{"line":55,"column":17}}],"line":48}},"s":{"0":8,"1":8,"2":7,"3":7,"4":7,"5":8,"6":7,"7":7,"8":7,"9":0,"10":0,"11":7},"f":{"0":7,"1":7,"2":0},"b":{"0":[0,0],"1":[7,1]},"_coverageSchema":"1a1c01bbd47fc00a2c39e90264f33305004495a9","hash":"147772a1b3aa06fe7400280e2899da33390564ec"}
,"/Users/benstraw/dev/benstraw/grrquarterly/web/src/components/Comment/Comment.stories.js": {"path":"/Users/benstraw/dev/benstraw/grrquarterly/web/src/components/Comment/Comment.stories.js","statementMap":{"0":{"start":{"line":3,"column":27},"end":{"line":15,"column":1}},"1":{"start":{"line":4,"column":2},"end":{"line":14,"column":3}},"2":{"start":{"line":17,"column":29},"end":{"line":35,"column":1}},"3":{"start":{"line":18,"column":2},"end":{"line":22,"column":4}},"4":{"start":{"line":24,"column":2},"end":{"line":34,"column":3}}},"fnMap":{"0":{"name":"(anonymous_0)","decl":{"start":{"line":3,"column":27},"end":{"line":3,"column":28}},"loc":{"start":{"line":3,"column":33},"end":{"line":15,"column":1}},"line":3},"1":{"name":"(anonymous_1)","decl":{"start":{"line":17,"column":29},"end":{"line":17,"column":30}},"loc":{"start":{"line":17,"column":35},"end":{"line":35,"column":1}},"line":17}},"branchMap":{},"s":{"0":0,"1":0,"2":0,"3":0,"4":0},"f":{"0":0,"1":0},"b":{}}
,"/Users/benstraw/dev/benstraw/grrquarterly/web/src/components/CommentForm/CommentForm.js": {"path":"/Users/benstraw/dev/benstraw/grrquarterly/web/src/components/CommentForm/CommentForm.js","statementMap":{"0":{"start":{"line":16,"column":15},"end":{"line":25,"column":1}},"1":{"start":{"line":27,"column":20},"end":{"line":80,"column":1}},"2":{"start":{"line":28,"column":36},"end":{"line":28,"column":51}},"3":{"start":{"line":29,"column":46},"end":{"line":35,"column":4}},"4":{"start":{"line":31,"column":6},"end":{"line":31,"column":24}},"5":{"start":{"line":32,"column":6},"end":{"line":32,"column":50}},"6":{"start":{"line":37,"column":19},"end":{"line":39,"column":3}},"7":{"start":{"line":38,"column":4},"end":{"line":38,"column":65}},"8":{"start":{"line":41,"column":2},"end":{"line":79,"column":3}}},"fnMap":{"0":{"name":"(anonymous_0)","decl":{"start":{"line":27,"column":20},"end":{"line":27,"column":21}},"loc":{"start":{"line":27,"column":36},"end":{"line":80,"column":1}},"line":27},"1":{"name":"(anonymous_1)","decl":{"start":{"line":30,"column":17},"end":{"line":30,"column":18}},"loc":{"start":{"line":30,"column":23},"end":{"line":33,"column":5}},"line":30},"2":{"name":"(anonymous_2)","decl":{"start":{"line":37,"column":19},"end":{"line":37,"column":20}},"loc":{"start":{"line":37,"column":30},"end":{"line":39,"column":3}},"line":37}},"branchMap":{"0":{"loc":{"start":{"line":42,"column":20},"end":{"line":42,"column":45}},"type":"cond-expr","locations":[{"start":{"line":42,"column":32},"end":{"line":42,"column":40}},{"start":{"line":42,"column":43},"end":{"line":42,"column":45}}],"line":42}},"s":{"0":6,"1":6,"2":5,"3":5,"4":0,"5":0,"6":5,"7":0,"8":5},"f":{"0":5,"1":0,"2":0},"b":{"0":[0,5]},"_coverageSchema":"1a1c01bbd47fc00a2c39e90264f33305004495a9","hash":"d4d4ac5fe46049b6bc2dcb2c5754142765fdcc73"}
,"/Users/benstraw/dev/benstraw/grrquarterly/web/src/components/CommentForm/CommentForm.stories.js": {"path":"/Users/benstraw/dev/benstraw/grrquarterly/web/src/components/CommentForm/CommentForm.stories.js","statementMap":{"0":{"start":{"line":14,"column":25},"end":{"line":29,"column":1}},"1":{"start":{"line":15,"column":2},"end":{"line":27,"column":4}},"2":{"start":{"line":16,"column":15},"end":{"line":16,"column":47}},"3":{"start":{"line":17,"column":4},"end":{"line":17,"column":19}},"4":{"start":{"line":19,"column":4},"end":{"line":26,"column":5}},"5":{"start":{"line":28,"column":2},"end":{"line":28,"column":24}}},"fnMap":{"0":{"name":"(anonymous_0)","decl":{"start":{"line":14,"column":25},"end":{"line":14,"column":26}},"loc":{"start":{"line":14,"column":31},"end":{"line":29,"column":1}},"line":14},"1":{"name":"(anonymous_1)","decl":{"start":{"line":15,"column":47},"end":{"line":15,"column":48}},"loc":{"start":{"line":15,"column":71},"end":{"line":27,"column":3}},"line":15}},"branchMap":{},"s":{"0":0,"1":0,"2":0,"3":0,"4":0,"5":0},"f":{"0":0,"1":0},"b":{}}
,"/Users/benstraw/dev/benstraw/grrquarterly/web/src/components/CommentsCell/CommentsCell.js": {"path":"/Users/benstraw/dev/benstraw/grrquarterly/web/src/components/CommentsCell/CommentsCell.js","statementMap":{"0":{"start":{"line":3,"column":21},"end":{"line":13,"column":1}},"1":{"start":{"line":15,"column":23},"end":{"line":15,"column":50}},"2":{"start":{"line":15,"column":29},"end":{"line":15,"column":50}},"3":{"start":{"line":17,"column":21},"end":{"line":19,"column":1}},"4":{"start":{"line":18,"column":2},"end":{"line":18,"column":66}},"5":{"start":{"line":21,"column":23},"end":{"line":23,"column":1}},"6":{"start":{"line":22,"column":2},"end":{"line":22,"column":61}},"7":{"start":{"line":25,"column":23},"end":{"line":33,"column":1}},"8":{"start":{"line":26,"column":2},"end":{"line":32,"column":3}},"9":{"start":{"line":29,"column":8},"end":{"line":29,"column":54}}},"fnMap":{"0":{"name":"(anonymous_0)","decl":{"start":{"line":15,"column":23},"end":{"line":15,"column":24}},"loc":{"start":{"line":15,"column":29},"end":{"line":15,"column":50}},"line":15},"1":{"name":"(anonymous_1)","decl":{"start":{"line":17,"column":21},"end":{"line":17,"column":22}},"loc":{"start":{"line":18,"column":2},"end":{"line":18,"column":66}},"line":18},"2":{"name":"(anonymous_2)","decl":{"start":{"line":21,"column":23},"end":{"line":21,"column":24}},"loc":{"start":{"line":22,"column":2},"end":{"line":22,"column":61}},"line":22},"3":{"name":"(anonymous_3)","decl":{"start":{"line":25,"column":23},"end":{"line":25,"column":24}},"loc":{"start":{"line":25,"column":41},"end":{"line":33,"column":1}},"line":25},"4":{"name":"(anonymous_4)","decl":{"start":{"line":28,"column":20},"end":{"line":28,"column":21}},"loc":{"start":{"line":29,"column":8},"end":{"line":29,"column":54}},"line":29}},"branchMap":{},"s":{"0":8,"1":8,"2":5,"3":8,"4":1,"5":8,"6":1,"7":8,"8":2,"9":4},"f":{"0":5,"1":1,"2":1,"3":2,"4":4},"b":{},"_coverageSchema":"1a1c01bbd47fc00a2c39e90264f33305004495a9","hash":"f7fcbab440b2d6bedf368a0f9bf258c96e05d97a"}
,"/Users/benstraw/dev/benstraw/grrquarterly/web/src/components/CommentsCell/CommentsCell.mock.js": {"path":"/Users/benstraw/dev/benstraw/grrquarterly/web/src/components/CommentsCell/CommentsCell.mock.js","statementMap":{"0":{"start":{"line":2,"column":24},"end":{"line":19,"column":2}},"1":{"start":{"line":2,"column":55},"end":{"line":19,"column":1}}},"fnMap":{"0":{"name":"(anonymous_0)","decl":{"start":{"line":2,"column":24},"end":{"line":2,"column":25}},"loc":{"start":{"line":2,"column":55},"end":{"line":19,"column":1}},"line":2}},"branchMap":{},"s":{"0":16,"1":6},"f":{"0":6},"b":{},"_coverageSchema":"1a1c01bbd47fc00a2c39e90264f33305004495a9","hash":"6114d61625b34c925824895402daa72ae2d1f4aa"}
,"/Users/benstraw/dev/benstraw/grrquarterly/web/src/components/CommentsCell/CommentsCell.stories.js": {"path":"/Users/benstraw/dev/benstraw/grrquarterly/web/src/components/CommentsCell/CommentsCell.stories.js","statementMap":{"0":{"start":{"line":4,"column":23},"end":{"line":6,"column":1}},"1":{"start":{"line":5,"column":2},"end":{"line":5,"column":38}},"2":{"start":{"line":8,"column":21},"end":{"line":10,"column":1}},"3":{"start":{"line":9,"column":2},"end":{"line":9,"column":34}},"4":{"start":{"line":12,"column":23},"end":{"line":14,"column":1}},"5":{"start":{"line":13,"column":2},"end":{"line":13,"column":75}},"6":{"start":{"line":16,"column":23},"end":{"line":18,"column":1}},"7":{"start":{"line":17,"column":2},"end":{"line":17,"column":64}}},"fnMap":{"0":{"name":"(anonymous_0)","decl":{"start":{"line":4,"column":23},"end":{"line":4,"column":24}},"loc":{"start":{"line":4,"column":29},"end":{"line":6,"column":1}},"line":4},"1":{"name":"(anonymous_1)","decl":{"start":{"line":8,"column":21},"end":{"line":8,"column":22}},"loc":{"start":{"line":8,"column":27},"end":{"line":10,"column":1}},"line":8},"2":{"name":"(anonymous_2)","decl":{"start":{"line":12,"column":23},"end":{"line":12,"column":24}},"loc":{"start":{"line":12,"column":33},"end":{"line":14,"column":1}},"line":12},"3":{"name":"(anonymous_3)","decl":{"start":{"line":16,"column":23},"end":{"line":16,"column":24}},"loc":{"start":{"line":16,"column":33},"end":{"line":18,"column":1}},"line":16}},"branchMap":{"0":{"loc":{"start":{"line":5,"column":9},"end":{"line":5,"column":38}},"type":"cond-expr","locations":[{"start":{"line":5,"column":19},"end":{"line":5,"column":30}},{"start":{"line":5,"column":33},"end":{"line":5,"column":38}}],"line":5},"1":{"loc":{"start":{"line":9,"column":9},"end":{"line":9,"column":34}},"type":"cond-expr","locations":[{"start":{"line":9,"column":17},"end":{"line":9,"column":26}},{"start":{"line":9,"column":29},"end":{"line":9,"column":34}}],"line":9},"2":{"loc":{"start":{"line":13,"column":9},"end":{"line":13,"column":75}},"type":"cond-expr","locations":[{"start":{"line":13,"column":19},"end":{"line":13,"column":67}},{"start":{"line":13,"column":70},"end":{"line":13,"column":75}}],"line":13},"3":{"loc":{"start":{"line":17,"column":9},"end":{"line":17,"column":64}},"type":"cond-expr","locations":[{"start":{"line":17,"column":19},"end":{"line":17,"column":56}},{"start":{"line":17,"column":59},"end":{"line":17,"column":64}}],"line":17}},"s":{"0":0,"1":0,"2":0,"3":0,"4":0,"5":0,"6":0,"7":0},"f":{"0":0,"1":0,"2":0,"3":0},"b":{"0":[0,0],"1":[0,0],"2":[0,0],"3":[0,0]}}
,"/Users/benstraw/dev/benstraw/grrquarterly/web/src/components/Header/Header.js": {"path":"/Users/benstraw/dev/benstraw/grrquarterly/web/src/components/Header/Header.js","statementMap":{"0":{"start":{"line":5,"column":15},"end":{"line":73,"column":1}},"1":{"start":{"line":6,"column":51},"end":{"line":6,"column":60}},"2":{"start":{"line":8,"column":2},"end":{"line":72,"column":3}}},"fnMap":{"0":{"name":"(anonymous_0)","decl":{"start":{"line":5,"column":15},"end":{"line":5,"column":16}},"loc":{"start":{"line":5,"column":21},"end":{"line":73,"column":1}},"line":5}},"branchMap":{"0":{"loc":{"start":{"line":37,"column":13},"end":{"line":62,"column":13}},"type":"cond-expr","locations":[{"start":{"line":38,"column":14},"end":{"line":54,"column":20}},{"start":{"line":56,"column":14},"end":{"line":61,"column":21}}],"line":37},"1":{"loc":{"start":{"line":46,"column":17},"end":{"line":53,"column":17}},"type":"binary-expr","locations":[{"start":{"line":46,"column":17},"end":{"line":46,"column":45}},{"start":{"line":47,"column":18},"end":{"line":52,"column":25}}],"line":46},"2":{"loc":{"start":{"line":65,"column":9},"end":{"line":69,"column":9}},"type":"binary-expr","locations":[{"start":{"line":65,"column":9},"end":{"line":65,"column":24}},{"start":{"line":66,"column":10},"end":{"line":68,"column":16}}],"line":65}},"s":{"0":16,"1":7,"2":7},"f":{"0":7},"b":{"0":[4,3],"1":[4,0],"2":[7,4]},"_coverageSchema":"1a1c01bbd47fc00a2c39e90264f33305004495a9","hash":"cebe6ca5f50ace13819792f0462e68d4fbcbb02c"}
,"/Users/benstraw/dev/benstraw/grrquarterly/web/src/components/Header/Header.stories.js": {"path":"/Users/benstraw/dev/benstraw/grrquarterly/web/src/components/Header/Header.stories.js","statementMap":{"0":{"start":{"line":14,"column":29},"end":{"line":16,"column":1}},"1":{"start":{"line":15,"column":2},"end":{"line":15,"column":19}},"2":{"start":{"line":18,"column":29},"end":{"line":25,"column":1}},"3":{"start":{"line":19,"column":2},"end":{"line":23,"column":4}},"4":{"start":{"line":24,"column":2},"end":{"line":24,"column":19}},"5":{"start":{"line":27,"column":25},"end":{"line":34,"column":1}},"6":{"start":{"line":28,"column":2},"end":{"line":32,"column":4}},"7":{"start":{"line":33,"column":2},"end":{"line":33,"column":19}},"8":{"start":{"line":36,"column":24},"end":{"line":43,"column":1}},"9":{"start":{"line":37,"column":2},"end":{"line":41,"column":4}},"10":{"start":{"line":42,"column":2},"end":{"line":42,"column":19}}},"fnMap":{"0":{"name":"(anonymous_0)","decl":{"start":{"line":14,"column":29},"end":{"line":14,"column":30}},"loc":{"start":{"line":14,"column":35},"end":{"line":16,"column":1}},"line":14},"1":{"name":"(anonymous_1)","decl":{"start":{"line":18,"column":29},"end":{"line":18,"column":30}},"loc":{"start":{"line":18,"column":35},"end":{"line":25,"column":1}},"line":18},"2":{"name":"(anonymous_2)","decl":{"start":{"line":27,"column":25},"end":{"line":27,"column":26}},"loc":{"start":{"line":27,"column":31},"end":{"line":34,"column":1}},"line":27},"3":{"name":"(anonymous_3)","decl":{"start":{"line":36,"column":24},"end":{"line":36,"column":25}},"loc":{"start":{"line":36,"column":30},"end":{"line":43,"column":1}},"line":36}},"branchMap":{},"s":{"0":0,"1":0,"2":0,"3":0,"4":0,"5":0,"6":0,"7":0,"8":0,"9":0,"10":0},"f":{"0":0,"1":0,"2":0,"3":0},"b":{}}
,"/Users/benstraw/dev/benstraw/grrquarterly/web/src/components/Post/EditPostCell/EditPostCell.js": {"path":"/Users/benstraw/dev/benstraw/grrquarterly/web/src/components/Post/EditPostCell/EditPostCell.js","statementMap":{"0":{"start":{"line":7,"column":21},"end":{"line":16,"column":1}},"1":{"start":{"line":17,"column":29},"end":{"line":26,"column":1}},"2":{"start":{"line":28,"column":23},"end":{"line":28,"column":50}},"3":{"start":{"line":28,"column":29},"end":{"line":28,"column":50}},"4":{"start":{"line":30,"column":23},"end":{"line":52,"column":1}},"5":{"start":{"line":31,"column":43},"end":{"line":36,"column":4}},"6":{"start":{"line":33,"column":6},"end":{"line":33,"column":35}},"7":{"start":{"line":34,"column":6},"end":{"line":34,"column":30}},"8":{"start":{"line":38,"column":17},"end":{"line":40,"column":3}},"9":{"start":{"line":39,"column":4},"end":{"line":39,"column":44}},"10":{"start":{"line":42,"column":2},"end":{"line":51,"column":3}}},"fnMap":{"0":{"name":"(anonymous_0)","decl":{"start":{"line":28,"column":23},"end":{"line":28,"column":24}},"loc":{"start":{"line":28,"column":29},"end":{"line":28,"column":50}},"line":28},"1":{"name":"(anonymous_1)","decl":{"start":{"line":30,"column":23},"end":{"line":30,"column":24}},"loc":{"start":{"line":30,"column":37},"end":{"line":52,"column":1}},"line":30},"2":{"name":"(anonymous_2)","decl":{"start":{"line":32,"column":17},"end":{"line":32,"column":18}},"loc":{"start":{"line":32,"column":23},"end":{"line":35,"column":5}},"line":32},"3":{"name":"(anonymous_3)","decl":{"start":{"line":38,"column":17},"end":{"line":38,"column":18}},"loc":{"start":{"line":38,"column":32},"end":{"line":40,"column":3}},"line":38}},"branchMap":{},"s":{"0":0,"1":0,"2":0,"3":0,"4":0,"5":0,"6":0,"7":0,"8":0,"9":0,"10":0},"f":{"0":0,"1":0,"2":0,"3":0},"b":{}}
,"/Users/benstraw/dev/benstraw/grrquarterly/web/src/components/Post/NewPost/NewPost.js": {"path":"/Users/benstraw/dev/benstraw/grrquarterly/web/src/components/Post/NewPost/NewPost.js","statementMap":{"0":{"start":{"line":7,"column":29},"end":{"line":13,"column":1}},"1":{"start":{"line":15,"column":16},"end":{"line":37,"column":1}},"2":{"start":{"line":16,"column":43},"end":{"line":21,"column":4}},"3":{"start":{"line":18,"column":6},"end":{"line":18,"column":35}},"4":{"start":{"line":19,"column":6},"end":{"line":19,"column":30}},"5":{"start":{"line":23,"column":17},"end":{"line":25,"column":3}},"6":{"start":{"line":24,"column":4},"end":{"line":24,"column":40}},"7":{"start":{"line":27,"column":2},"end":{"line":36,"column":3}}},"fnMap":{"0":{"name":"(anonymous_0)","decl":{"start":{"line":15,"column":16},"end":{"line":15,"column":17}},"loc":{"start":{"line":15,"column":22},"end":{"line":37,"column":1}},"line":15},"1":{"name":"(anonymous_1)","decl":{"start":{"line":17,"column":17},"end":{"line":17,"column":18}},"loc":{"start":{"line":17,"column":23},"end":{"line":20,"column":5}},"line":17},"2":{"name":"(anonymous_2)","decl":{"start":{"line":23,"column":17},"end":{"line":23,"column":18}},"loc":{"start":{"line":23,"column":28},"end":{"line":25,"column":3}},"line":23}},"branchMap":{},"s":{"0":0,"1":0,"2":0,"3":0,"4":0,"5":0,"6":0,"7":0},"f":{"0":0,"1":0,"2":0},"b":{}}
,"/Users/benstraw/dev/benstraw/grrquarterly/web/src/components/Post/Post/Post.js": {"path":"/Users/benstraw/dev/benstraw/grrquarterly/web/src/components/Post/Post/Post.js","statementMap":{"0":{"start":{"line":5,"column":29},"end":{"line":11,"column":1}},"1":{"start":{"line":13,"column":20},"end":{"line":19,"column":1}},"2":{"start":{"line":14,"column":2},"end":{"line":18,"column":3}},"3":{"start":{"line":21,"column":16},"end":{"line":27,"column":1}},"4":{"start":{"line":22,"column":2},"end":{"line":26,"column":3}},"5":{"start":{"line":29,"column":25},"end":{"line":31,"column":1}},"6":{"start":{"line":30,"column":2},"end":{"line":30,"column":61}},"7":{"start":{"line":33,"column":13},"end":{"line":93,"column":1}},"8":{"start":{"line":34,"column":23},"end":{"line":39,"column":4}},"9":{"start":{"line":36,"column":6},"end":{"line":36,"column":35}},"10":{"start":{"line":37,"column":6},"end":{"line":37,"column":30}},"11":{"start":{"line":41,"column":24},"end":{"line":45,"column":3}},"12":{"start":{"line":42,"column":4},"end":{"line":44,"column":5}},"13":{"start":{"line":43,"column":6},"end":{"line":43,"column":39}},"14":{"start":{"line":47,"column":2},"end":{"line":92,"column":3}},"15":{"start":{"line":86,"column":25},"end":{"line":86,"column":47}}},"fnMap":{"0":{"name":"(anonymous_0)","decl":{"start":{"line":13,"column":20},"end":{"line":13,"column":21}},"loc":{"start":{"line":13,"column":29},"end":{"line":19,"column":1}},"line":13},"1":{"name":"(anonymous_1)","decl":{"start":{"line":21,"column":16},"end":{"line":21,"column":17}},"loc":{"start":{"line":21,"column":30},"end":{"line":27,"column":1}},"line":21},"2":{"name":"(anonymous_2)","decl":{"start":{"line":29,"column":25},"end":{"line":29,"column":26}},"loc":{"start":{"line":29,"column":38},"end":{"line":31,"column":1}},"line":29},"3":{"name":"(anonymous_3)","decl":{"start":{"line":33,"column":13},"end":{"line":33,"column":14}},"loc":{"start":{"line":33,"column":27},"end":{"line":93,"column":1}},"line":33},"4":{"name":"(anonymous_4)","decl":{"start":{"line":35,"column":17},"end":{"line":35,"column":18}},"loc":{"start":{"line":35,"column":23},"end":{"line":38,"column":5}},"line":35},"5":{"name":"(anonymous_5)","decl":{"start":{"line":41,"column":24},"end":{"line":41,"column":25}},"loc":{"start":{"line":41,"column":32},"end":{"line":45,"column":3}},"line":41},"6":{"name":"(anonymous_6)","decl":{"start":{"line":86,"column":19},"end":{"line":86,"column":20}},"loc":{"start":{"line":86,"column":25},"end":{"line":86,"column":47}},"line":86}},"branchMap":{"0":{"loc":{"start":{"line":42,"column":4},"end":{"line":44,"column":5}},"type":"if","locations":[{"start":{"line":42,"column":4},"end":{"line":44,"column":5}},{"start":{},"end":{}}],"line":42}},"s":{"0":1,"1":1,"2":0,"3":1,"4":1,"5":1,"6":0,"7":1,"8":1,"9":0,"10":0,"11":1,"12":0,"13":0,"14":1,"15":0},"f":{"0":0,"1":1,"2":0,"3":1,"4":0,"5":0,"6":0},"b":{"0":[0,0]},"_coverageSchema":"1a1c01bbd47fc00a2c39e90264f33305004495a9","hash":"95878dfa9d740709c4aa2a83098fea504ac588fb"}
,"/Users/benstraw/dev/benstraw/grrquarterly/web/src/components/Post/Post/Post.stories.js": {"path":"/Users/benstraw/dev/benstraw/grrquarterly/web/src/components/Post/Post/Post.stories.js","statementMap":{"0":{"start":{"line":3,"column":13},"end":{"line":11,"column":1}},"1":{"start":{"line":13,"column":22},"end":{"line":15,"column":1}},"2":{"start":{"line":14,"column":2},"end":{"line":14,"column":29}}},"fnMap":{"0":{"name":"(anonymous_0)","decl":{"start":{"line":13,"column":22},"end":{"line":13,"column":23}},"loc":{"start":{"line":13,"column":28},"end":{"line":15,"column":1}},"line":13}},"branchMap":{},"s":{"0":0,"1":0,"2":0},"f":{"0":0},"b":{}}
,"/Users/benstraw/dev/benstraw/grrquarterly/web/src/components/Post/PostCell/PostCell.js": {"path":"/Users/benstraw/dev/benstraw/grrquarterly/web/src/components/Post/PostCell/PostCell.js","statementMap":{"0":{"start":{"line":3,"column":21},"end":{"line":12,"column":1}},"1":{"start":{"line":14,"column":23},"end":{"line":14,"column":50}},"2":{"start":{"line":14,"column":29},"end":{"line":14,"column":50}},"3":{"start":{"line":16,"column":21},"end":{"line":16,"column":52}},"4":{"start":{"line":16,"column":27},"end":{"line":16,"column":52}},"5":{"start":{"line":18,"column":23},"end":{"line":20,"column":1}},"6":{"start":{"line":19,"column":2},"end":{"line":19,"column":29}}},"fnMap":{"0":{"name":"(anonymous_0)","decl":{"start":{"line":14,"column":23},"end":{"line":14,"column":24}},"loc":{"start":{"line":14,"column":29},"end":{"line":14,"column":50}},"line":14},"1":{"name":"(anonymous_1)","decl":{"start":{"line":16,"column":21},"end":{"line":16,"column":22}},"loc":{"start":{"line":16,"column":27},"end":{"line":16,"column":52}},"line":16},"2":{"name":"(anonymous_2)","decl":{"start":{"line":18,"column":23},"end":{"line":18,"column":24}},"loc":{"start":{"line":18,"column":37},"end":{"line":20,"column":1}},"line":18}},"branchMap":{},"s":{"0":0,"1":0,"2":0,"3":0,"4":0,"5":0,"6":0},"f":{"0":0,"1":0,"2":0},"b":{}}
,"/Users/benstraw/dev/benstraw/grrquarterly/web/src/components/Post/PostForm/PostForm.js": {"path":"/Users/benstraw/dev/benstraw/grrquarterly/web/src/components/Post/PostForm/PostForm.js","statementMap":{"0":{"start":{"line":10,"column":23},"end":{"line":14,"column":1}},"1":{"start":{"line":11,"column":2},"end":{"line":13,"column":3}},"2":{"start":{"line":12,"column":4},"end":{"line":12,"column":47}},"3":{"start":{"line":16,"column":17},"end":{"line":71,"column":1}},"4":{"start":{"line":17,"column":19},"end":{"line":19,"column":3}},"5":{"start":{"line":18,"column":4},"end":{"line":18,"column":39}},"6":{"start":{"line":21,"column":2},"end":{"line":70,"column":3}}},"fnMap":{"0":{"name":"(anonymous_0)","decl":{"start":{"line":10,"column":23},"end":{"line":10,"column":24}},"loc":{"start":{"line":10,"column":34},"end":{"line":14,"column":1}},"line":10},"1":{"name":"(anonymous_1)","decl":{"start":{"line":16,"column":17},"end":{"line":16,"column":18}},"loc":{"start":{"line":16,"column":28},"end":{"line":71,"column":1}},"line":16},"2":{"name":"(anonymous_2)","decl":{"start":{"line":17,"column":19},"end":{"line":17,"column":20}},"loc":{"start":{"line":17,"column":29},"end":{"line":19,"column":3}},"line":17}},"branchMap":{"0":{"loc":{"start":{"line":11,"column":2},"end":{"line":13,"column":3}},"type":"if","locations":[{"start":{"line":11,"column":2},"end":{"line":13,"column":3}},{"start":{},"end":{}}],"line":11}},"s":{"0":0,"1":0,"2":0,"3":0,"4":0,"5":0,"6":0},"f":{"0":0,"1":0,"2":0},"b":{"0":[0,0]}}
,"/Users/benstraw/dev/benstraw/grrquarterly/web/src/components/Post/Posts/Posts.js": {"path":"/Users/benstraw/dev/benstraw/grrquarterly/web/src/components/Post/Posts/Posts.js","statementMap":{"0":{"start":{"line":7,"column":29},"end":{"line":13,"column":1}},"1":{"start":{"line":15,"column":26},"end":{"line":15,"column":29}},"2":{"start":{"line":17,"column":17},"end":{"line":23,"column":1}},"3":{"start":{"line":18,"column":15},"end":{"line":18,"column":19}},"4":{"start":{"line":19,"column":2},"end":{"line":21,"column":3}},"5":{"start":{"line":20,"column":4},"end":{"line":20,"column":59}},"6":{"start":{"line":22,"column":2},"end":{"line":22,"column":15}},"7":{"start":{"line":25,"column":21},"end":{"line":27,"column":1}},"8":{"start":{"line":26,"column":2},"end":{"line":26,"column":47}},"9":{"start":{"line":29,"column":16},"end":{"line":35,"column":1}},"10":{"start":{"line":30,"column":2},"end":{"line":34,"column":3}},"11":{"start":{"line":37,"column":25},"end":{"line":39,"column":1}},"12":{"start":{"line":38,"column":2},"end":{"line":38,"column":61}},"13":{"start":{"line":41,"column":18},"end":{"line":110,"column":1}},"14":{"start":{"line":42,"column":23},"end":{"line":51,"column":4}},"15":{"start":{"line":44,"column":6},"end":{"line":44,"column":35}},"16":{"start":{"line":53,"column":24},"end":{"line":57,"column":3}},"17":{"start":{"line":54,"column":4},"end":{"line":56,"column":5}},"18":{"start":{"line":55,"column":6},"end":{"line":55,"column":39}},"19":{"start":{"line":59,"column":2},"end":{"line":109,"column":3}},"20":{"start":{"line":73,"column":12},"end":{"line":104,"column":17}},"21":{"start":{"line":98,"column":35},"end":{"line":98,"column":57}}},"fnMap":{"0":{"name":"(anonymous_0)","decl":{"start":{"line":17,"column":17},"end":{"line":17,"column":18}},"loc":{"start":{"line":17,"column":27},"end":{"line":23,"column":1}},"line":17},"1":{"name":"(anonymous_1)","decl":{"start":{"line":25,"column":21},"end":{"line":25,"column":22}},"loc":{"start":{"line":25,"column":30},"end":{"line":27,"column":1}},"line":25},"2":{"name":"(anonymous_2)","decl":{"start":{"line":29,"column":16},"end":{"line":29,"column":17}},"loc":{"start":{"line":29,"column":30},"end":{"line":35,"column":1}},"line":29},"3":{"name":"(anonymous_3)","decl":{"start":{"line":37,"column":25},"end":{"line":37,"column":26}},"loc":{"start":{"line":37,"column":38},"end":{"line":39,"column":1}},"line":37},"4":{"name":"(anonymous_4)","decl":{"start":{"line":41,"column":18},"end":{"line":41,"column":19}},"loc":{"start":{"line":41,"column":33},"end":{"line":110,"column":1}},"line":41},"5":{"name":"(anonymous_5)","decl":{"start":{"line":43,"column":17},"end":{"line":43,"column":18}},"loc":{"start":{"line":43,"column":23},"end":{"line":45,"column":5}},"line":43},"6":{"name":"(anonymous_6)","decl":{"start":{"line":53,"column":24},"end":{"line":53,"column":25}},"loc":{"start":{"line":53,"column":32},"end":{"line":57,"column":3}},"line":53},"7":{"name":"(anonymous_7)","decl":{"start":{"line":72,"column":21},"end":{"line":72,"column":22}},"loc":{"start":{"line":73,"column":12},"end":{"line":104,"column":17}},"line":73},"8":{"name":"(anonymous_8)","decl":{"start":{"line":98,"column":29},"end":{"line":98,"column":30}},"loc":{"start":{"line":98,"column":35},"end":{"line":98,"column":57}},"line":98}},"branchMap":{"0":{"loc":{"start":{"line":19,"column":2},"end":{"line":21,"column":3}},"type":"if","locations":[{"start":{"line":19,"column":2},"end":{"line":21,"column":3}},{"start":{},"end":{}}],"line":19},"1":{"loc":{"start":{"line":19,"column":6},"end":{"line":19,"column":45}},"type":"binary-expr","locations":[{"start":{"line":19,"column":6},"end":{"line":19,"column":10}},{"start":{"line":19,"column":14},"end":{"line":19,"column":45}}],"line":19},"2":{"loc":{"start":{"line":54,"column":4},"end":{"line":56,"column":5}},"type":"if","locations":[{"start":{"line":54,"column":4},"end":{"line":56,"column":5}},{"start":{},"end":{}}],"line":54}},"s":{"0":0,"1":0,"2":0,"3":0,"4":0,"5":0,"6":0,"7":0,"8":0,"9":0,"10":0,"11":0,"12":0,"13":0,"14":0,"15":0,"16":0,"17":0,"18":0,"19":0,"20":0,"21":0},"f":{"0":0,"1":0,"2":0,"3":0,"4":0,"5":0,"6":0,"7":0,"8":0},"b":{"0":[0,0],"1":[0,0],"2":[0,0]}}
,"/Users/benstraw/dev/benstraw/grrquarterly/web/src/components/Post/PostsCell/PostsCell.js": {"path":"/Users/benstraw/dev/benstraw/grrquarterly/web/src/components/Post/PostsCell/PostsCell.js","statementMap":{"0":{"start":{"line":5,"column":21},"end":{"line":14,"column":1}},"1":{"start":{"line":16,"column":23},"end":{"line":16,"column":50}},"2":{"start":{"line":16,"column":29},"end":{"line":16,"column":50}},"3":{"start":{"line":18,"column":21},"end":{"line":27,"column":1}},"4":{"start":{"line":19,"column":2},"end":{"line":26,"column":3}},"5":{"start":{"line":29,"column":23},"end":{"line":31,"column":1}},"6":{"start":{"line":30,"column":2},"end":{"line":30,"column":32}}},"fnMap":{"0":{"name":"(anonymous_0)","decl":{"start":{"line":16,"column":23},"end":{"line":16,"column":24}},"loc":{"start":{"line":16,"column":29},"end":{"line":16,"column":50}},"line":16},"1":{"name":"(anonymous_1)","decl":{"start":{"line":18,"column":21},"end":{"line":18,"column":22}},"loc":{"start":{"line":18,"column":27},"end":{"line":27,"column":1}},"line":18},"2":{"name":"(anonymous_2)","decl":{"start":{"line":29,"column":23},"end":{"line":29,"column":24}},"loc":{"start":{"line":29,"column":38},"end":{"line":31,"column":1}},"line":29}},"branchMap":{},"s":{"0":0,"1":0,"2":0,"3":0,"4":0,"5":0,"6":0},"f":{"0":0,"1":0,"2":0},"b":{}}
,"/Users/benstraw/dev/benstraw/grrquarterly/web/src/components/User/EditUserCell/EditUserCell.js": {"path":"/Users/benstraw/dev/benstraw/grrquarterly/web/src/components/User/EditUserCell/EditUserCell.js","statementMap":{"0":{"start":{"line":8,"column":21},"end":{"line":21,"column":1}},"1":{"start":{"line":22,"column":29},"end":{"line":35,"column":1}},"2":{"start":{"line":37,"column":23},"end":{"line":37,"column":50}},"3":{"start":{"line":37,"column":29},"end":{"line":37,"column":50}},"4":{"start":{"line":39,"column":23},"end":{"line":41,"column":1}},"5":{"start":{"line":40,"column":2},"end":{"line":40,"column":55}},"6":{"start":{"line":43,"column":23},"end":{"line":70,"column":1}},"7":{"start":{"line":44,"column":43},"end":{"line":52,"column":4}},"8":{"start":{"line":46,"column":6},"end":{"line":46,"column":35}},"9":{"start":{"line":47,"column":6},"end":{"line":47,"column":30}},"10":{"start":{"line":50,"column":6},"end":{"line":50,"column":32}},"11":{"start":{"line":54,"column":17},"end":{"line":56,"column":3}},"12":{"start":{"line":55,"column":4},"end":{"line":55,"column":44}},"13":{"start":{"line":58,"column":2},"end":{"line":69,"column":3}}},"fnMap":{"0":{"name":"(anonymous_0)","decl":{"start":{"line":37,"column":23},"end":{"line":37,"column":24}},"loc":{"start":{"line":37,"column":29},"end":{"line":37,"column":50}},"line":37},"1":{"name":"(anonymous_1)","decl":{"start":{"line":39,"column":23},"end":{"line":39,"column":24}},"loc":{"start":{"line":40,"column":2},"end":{"line":40,"column":55}},"line":40},"2":{"name":"(anonymous_2)","decl":{"start":{"line":43,"column":23},"end":{"line":43,"column":24}},"loc":{"start":{"line":43,"column":37},"end":{"line":70,"column":1}},"line":43},"3":{"name":"(anonymous_3)","decl":{"start":{"line":45,"column":17},"end":{"line":45,"column":18}},"loc":{"start":{"line":45,"column":23},"end":{"line":48,"column":5}},"line":45},"4":{"name":"(anonymous_4)","decl":{"start":{"line":49,"column":13},"end":{"line":49,"column":14}},"loc":{"start":{"line":49,"column":24},"end":{"line":51,"column":5}},"line":49},"5":{"name":"(anonymous_5)","decl":{"start":{"line":54,"column":17},"end":{"line":54,"column":18}},"loc":{"start":{"line":54,"column":32},"end":{"line":56,"column":3}},"line":54}},"branchMap":{},"s":{"0":0,"1":0,"2":0,"3":0,"4":0,"5":0,"6":0,"7":0,"8":0,"9":0,"10":0,"11":0,"12":0,"13":0},"f":{"0":0,"1":0,"2":0,"3":0,"4":0,"5":0},"b":{}}
,"/Users/benstraw/dev/benstraw/grrquarterly/web/src/components/User/NewUser/NewUser.js": {"path":"/Users/benstraw/dev/benstraw/grrquarterly/web/src/components/User/NewUser/NewUser.js","statementMap":{"0":{"start":{"line":7,"column":29},"end":{"line":13,"column":1}},"1":{"start":{"line":15,"column":16},"end":{"line":40,"column":1}},"2":{"start":{"line":16,"column":43},"end":{"line":24,"column":4}},"3":{"start":{"line":18,"column":6},"end":{"line":18,"column":35}},"4":{"start":{"line":19,"column":6},"end":{"line":19,"column":30}},"5":{"start":{"line":22,"column":6},"end":{"line":22,"column":32}},"6":{"start":{"line":26,"column":17},"end":{"line":28,"column":3}},"7":{"start":{"line":27,"column":4},"end":{"line":27,"column":40}},"8":{"start":{"line":30,"column":2},"end":{"line":39,"column":3}}},"fnMap":{"0":{"name":"(anonymous_0)","decl":{"start":{"line":15,"column":16},"end":{"line":15,"column":17}},"loc":{"start":{"line":15,"column":22},"end":{"line":40,"column":1}},"line":15},"1":{"name":"(anonymous_1)","decl":{"start":{"line":17,"column":17},"end":{"line":17,"column":18}},"loc":{"start":{"line":17,"column":23},"end":{"line":20,"column":5}},"line":17},"2":{"name":"(anonymous_2)","decl":{"start":{"line":21,"column":13},"end":{"line":21,"column":14}},"loc":{"start":{"line":21,"column":24},"end":{"line":23,"column":5}},"line":21},"3":{"name":"(anonymous_3)","decl":{"start":{"line":26,"column":17},"end":{"line":26,"column":18}},"loc":{"start":{"line":26,"column":28},"end":{"line":28,"column":3}},"line":26}},"branchMap":{},"s":{"0":0,"1":0,"2":0,"3":0,"4":0,"5":0,"6":0,"7":0,"8":0},"f":{"0":0,"1":0,"2":0,"3":0},"b":{}}
,"/Users/benstraw/dev/benstraw/grrquarterly/web/src/components/User/User/User.js": {"path":"/Users/benstraw/dev/benstraw/grrquarterly/web/src/components/User/User/User.js","statementMap":{"0":{"start":{"line":7,"column":29},"end":{"line":13,"column":1}},"1":{"start":{"line":15,"column":13},"end":{"line":94,"column":1}},"2":{"start":{"line":16,"column":23},"end":{"line":24,"column":4}},"3":{"start":{"line":18,"column":6},"end":{"line":18,"column":35}},"4":{"start":{"line":19,"column":6},"end":{"line":19,"column":30}},"5":{"start":{"line":22,"column":6},"end":{"line":22,"column":32}},"6":{"start":{"line":26,"column":24},"end":{"line":30,"column":3}},"7":{"start":{"line":27,"column":4},"end":{"line":29,"column":5}},"8":{"start":{"line":28,"column":6},"end":{"line":28,"column":39}},"9":{"start":{"line":32,"column":2},"end":{"line":93,"column":3}},"10":{"start":{"line":87,"column":25},"end":{"line":87,"column":47}}},"fnMap":{"0":{"name":"(anonymous_0)","decl":{"start":{"line":15,"column":13},"end":{"line":15,"column":14}},"loc":{"start":{"line":15,"column":27},"end":{"line":94,"column":1}},"line":15},"1":{"name":"(anonymous_1)","decl":{"start":{"line":17,"column":17},"end":{"line":17,"column":18}},"loc":{"start":{"line":17,"column":23},"end":{"line":20,"column":5}},"line":17},"2":{"name":"(anonymous_2)","decl":{"start":{"line":21,"column":13},"end":{"line":21,"column":14}},"loc":{"start":{"line":21,"column":24},"end":{"line":23,"column":5}},"line":21},"3":{"name":"(anonymous_3)","decl":{"start":{"line":26,"column":24},"end":{"line":26,"column":25}},"loc":{"start":{"line":26,"column":32},"end":{"line":30,"column":3}},"line":26},"4":{"name":"(anonymous_4)","decl":{"start":{"line":87,"column":19},"end":{"line":87,"column":20}},"loc":{"start":{"line":87,"column":25},"end":{"line":87,"column":47}},"line":87}},"branchMap":{"0":{"loc":{"start":{"line":27,"column":4},"end":{"line":29,"column":5}},"type":"if","locations":[{"start":{"line":27,"column":4},"end":{"line":29,"column":5}},{"start":{},"end":{}}],"line":27}},"s":{"0":0,"1":0,"2":0,"3":0,"4":0,"5":0,"6":0,"7":0,"8":0,"9":0,"10":0},"f":{"0":0,"1":0,"2":0,"3":0,"4":0},"b":{"0":[0,0]}}
,"/Users/benstraw/dev/benstraw/grrquarterly/web/src/components/User/UserCell/UserCell.js": {"path":"/Users/benstraw/dev/benstraw/grrquarterly/web/src/components/User/UserCell/UserCell.js","statementMap":{"0":{"start":{"line":3,"column":21},"end":{"line":16,"column":1}},"1":{"start":{"line":18,"column":23},"end":{"line":18,"column":50}},"2":{"start":{"line":18,"column":29},"end":{"line":18,"column":50}},"3":{"start":{"line":20,"column":21},"end":{"line":20,"column":52}},"4":{"start":{"line":20,"column":27},"end":{"line":20,"column":52}},"5":{"start":{"line":22,"column":23},"end":{"line":24,"column":1}},"6":{"start":{"line":23,"column":2},"end":{"line":23,"column":55}},"7":{"start":{"line":26,"column":23},"end":{"line":28,"column":1}},"8":{"start":{"line":27,"column":2},"end":{"line":27,"column":29}}},"fnMap":{"0":{"name":"(anonymous_0)","decl":{"start":{"line":18,"column":23},"end":{"line":18,"column":24}},"loc":{"start":{"line":18,"column":29},"end":{"line":18,"column":50}},"line":18},"1":{"name":"(anonymous_1)","decl":{"start":{"line":20,"column":21},"end":{"line":20,"column":22}},"loc":{"start":{"line":20,"column":27},"end":{"line":20,"column":52}},"line":20},"2":{"name":"(anonymous_2)","decl":{"start":{"line":22,"column":23},"end":{"line":22,"column":24}},"loc":{"start":{"line":23,"column":2},"end":{"line":23,"column":55}},"line":23},"3":{"name":"(anonymous_3)","decl":{"start":{"line":26,"column":23},"end":{"line":26,"column":24}},"loc":{"start":{"line":26,"column":37},"end":{"line":28,"column":1}},"line":26}},"branchMap":{},"s":{"0":0,"1":0,"2":0,"3":0,"4":0,"5":0,"6":0,"7":0,"8":0},"f":{"0":0,"1":0,"2":0,"3":0},"b":{}}
[...]
,"/Users/benstraw/dev/benstraw/grrquarterly/web/src/pages/ForgotPasswordPage/ForgotPasswordPage.js": {"path":"/Users/benstraw/dev/benstraw/grrquarterly/web/src/pages/ForgotPasswordPage/ForgotPasswordPage.js","statementMap":{"0":{"start":{"line":10,"column":27},"end":{"line":89,"column":1}},"1":{"start":{"line":11,"column":46},"end":{"line":11,"column":55}},"2":{"start":{"line":13,"column":2},"end":{"line":17,"column":23}},"3":{"start":{"line":14,"column":4},"end":{"line":16,"column":5}},"4":{"start":{"line":15,"column":6},"end":{"line":15,"column":29}},"5":{"start":{"line":19,"column":22},"end":{"line":19,"column":30}},"6":{"start":{"line":20,"column":2},"end":{"line":22,"column":8}},"7":{"start":{"line":21,"column":4},"end":{"line":21,"column":31}},"8":{"start":{"line":24,"column":19},"end":{"line":38,"column":3}},"9":{"start":{"line":25,"column":21},"end":{"line":25,"column":56}},"10":{"start":{"line":27,"column":4},"end":{"line":37,"column":5}},"11":{"start":{"line":28,"column":6},"end":{"line":28,"column":33}},"12":{"start":{"line":33,"column":6},"end":{"line":35,"column":7}},"13":{"start":{"line":36,"column":6},"end":{"line":36,"column":30}},"14":{"start":{"line":40,"column":2},"end":{"line":88,"column":3}}},"fnMap":{"0":{"name":"(anonymous_0)","decl":{"start":{"line":10,"column":27},"end":{"line":10,"column":28}},"loc":{"start":{"line":10,"column":33},"end":{"line":89,"column":1}},"line":10},"1":{"name":"(anonymous_1)","decl":{"start":{"line":13,"column":12},"end":{"line":13,"column":13}},"loc":{"start":{"line":13,"column":18},"end":{"line":17,"column":3}},"line":13},"2":{"name":"(anonymous_2)","decl":{"start":{"line":20,"column":12},"end":{"line":20,"column":13}},"loc":{"start":{"line":20,"column":18},"end":{"line":22,"column":3}},"line":20},"3":{"name":"(anonymous_3)","decl":{"start":{"line":24,"column":19},"end":{"line":24,"column":20}},"loc":{"start":{"line":24,"column":35},"end":{"line":38,"column":3}},"line":24}},"branchMap":{"0":{"loc":{"start":{"line":14,"column":4},"end":{"line":16,"column":5}},"type":"if","locations":[{"start":{"line":14,"column":4},"end":{"line":16,"column":5}},{"start":{},"end":{}}],"line":14},"1":{"loc":{"start":{"line":27,"column":4},"end":{"line":37,"column":5}},"type":"if","locations":[{"start":{"line":27,"column":4},"end":{"line":37,"column":5}},{"start":{"line":29,"column":11},"end":{"line":37,"column":5}}],"line":27}},"s":{"0":0,"1":0,"2":0,"3":0,"4":0,"5":0,"6":0,"7":0,"8":0,"9":0,"10":0,"11":0,"12":0,"13":0,"14":0},"f":{"0":0,"1":0,"2":0,"3":0},"b":{"0":[0,0],"1":[0,0]}}
,"/Users/benstraw/dev/benstraw/grrquarterly/web/src/pages/HomePage/HomePage.js": {"path":"/Users/benstraw/dev/benstraw/grrquarterly/web/src/pages/HomePage/HomePage.js","statementMap":{"0":{"start":{"line":4,"column":17},"end":{"line":11,"column":1}},"1":{"start":{"line":5,"column":2},"end":{"line":10,"column":3}}},"fnMap":{"0":{"name":"(anonymous_0)","decl":{"start":{"line":4,"column":17},"end":{"line":4,"column":18}},"loc":{"start":{"line":4,"column":23},"end":{"line":11,"column":1}},"line":4}},"branchMap":{},"s":{"0":1,"1":1},"f":{"0":1},"b":{},"_coverageSchema":"1a1c01bbd47fc00a2c39e90264f33305004495a9","hash":"a41674a0a176d267d2c8bfbdd16d386eae90633f"}
,"/Users/benstraw/dev/benstraw/grrquarterly/web/src/pages/HomePage/HomePage.stories.js": {"path":"/Users/benstraw/dev/benstraw/grrquarterly/web/src/pages/HomePage/HomePage.stories.js","statementMap":{"0":{"start":{"line":3,"column":25},"end":{"line":5,"column":1}},"1":{"start":{"line":4,"column":2},"end":{"line":4,"column":21}}},"fnMap":{"0":{"name":"(anonymous_0)","decl":{"start":{"line":3,"column":25},"end":{"line":3,"column":26}},"loc":{"start":{"line":3,"column":31},"end":{"line":5,"column":1}},"line":3}},"branchMap":{},"s":{"0":0,"1":0},"f":{"0":0},"b":{}}
,"/Users/benstraw/dev/benstraw/grrquarterly/web/src/pages/LoginPage/LoginPage.js": {"path":"/Users/benstraw/dev/benstraw/grrquarterly/web/src/pages/LoginPage/LoginPage.js","statementMap":{"0":{"start":{"line":18,"column":18},"end":{"line":129,"column":1}},"1":{"start":{"line":19,"column":37},"end":{"line":19,"column":46}},"2":{"start":{"line":21,"column":2},"end":{"line":25,"column":23}},"3":{"start":{"line":22,"column":4},"end":{"line":24,"column":5}},"4":{"start":{"line":23,"column":6},"end":{"line":23,"column":29}},"5":{"start":{"line":27,"column":22},"end":{"line":27,"column":30}},"6":{"start":{"line":28,"column":2},"end":{"line":30,"column":8}},"7":{"start":{"line":29,"column":4},"end":{"line":29,"column":31}},"8":{"start":{"line":32,"column":19},"end":{"line":42,"column":3}},"9":{"start":{"line":33,"column":21},"end":{"line":33,"column":45}},"10":{"start":{"line":35,"column":4},"end":{"line":41,"column":5}},"11":{"start":{"line":36,"column":6},"end":{"line":36,"column":29}},"12":{"start":{"line":37,"column":11},"end":{"line":41,"column":5}},"13":{"start":{"line":38,"column":6},"end":{"line":38,"column":33}},"14":{"start":{"line":40,"column":6},"end":{"line":40,"column":36}},"15":{"start":{"line":44,"column":2},"end":{"line":128,"column":3}}},"fnMap":{"0":{"name":"(anonymous_0)","decl":{"start":{"line":18,"column":18},"end":{"line":18,"column":19}},"loc":{"start":{"line":18,"column":24},"end":{"line":129,"column":1}},"line":18},"1":{"name":"(anonymous_1)","decl":{"start":{"line":21,"column":12},"end":{"line":21,"column":13}},"loc":{"start":{"line":21,"column":18},"end":{"line":25,"column":3}},"line":21},"2":{"name":"(anonymous_2)","decl":{"start":{"line":28,"column":12},"end":{"line":28,"column":13}},"loc":{"start":{"line":28,"column":18},"end":{"line":30,"column":3}},"line":28},"3":{"name":"(anonymous_3)","decl":{"start":{"line":32,"column":19},"end":{"line":32,"column":20}},"loc":{"start":{"line":32,"column":35},"end":{"line":42,"column":3}},"line":32}},"branchMap":{"0":{"loc":{"start":{"line":22,"column":4},"end":{"line":24,"column":5}},"type":"if","locations":[{"start":{"line":22,"column":4},"end":{"line":24,"column":5}},{"start":{},"end":{}}],"line":22},"1":{"loc":{"start":{"line":35,"column":4},"end":{"line":41,"column":5}},"type":"if","locations":[{"start":{"line":35,"column":4},"end":{"line":41,"column":5}},{"start":{"line":37,"column":11},"end":{"line":41,"column":5}}],"line":35},"2":{"loc":{"start":{"line":37,"column":11},"end":{"line":41,"column":5}},"type":"if","locations":[{"start":{"line":37,"column":11},"end":{"line":41,"column":5}},{"start":{"line":39,"column":11},"end":{"line":41,"column":5}}],"line":37}},"s":{"0":0,"1":0,"2":0,"3":0,"4":0,"5":0,"6":0,"7":0,"8":0,"9":0,"10":0,"11":0,"12":0,"13":0,"14":0,"15":0},"f":{"0":0,"1":0,"2":0,"3":0},"b":{"0":[0,0],"1":[0,0],"2":[0,0]}}
,"/Users/benstraw/dev/benstraw/grrquarterly/web/src/pages/NotFoundPage/NotFoundPage.js": {"path":"/Users/benstraw/dev/benstraw/grrquarterly/web/src/pages/NotFoundPage/NotFoundPage.js","statementMap":{"0":{"start":{"line":2,"column":2},"end":{"line":43,"column":9}}},"fnMap":{"0":{"name":"(anonymous_0)","decl":{"start":{"line":1,"column":15},"end":{"line":1,"column":16}},"loc":{"start":{"line":2,"column":2},"end":{"line":43,"column":9}},"line":2}},"branchMap":{},"s":{"0":0},"f":{"0":0},"b":{}}
,"/Users/benstraw/dev/benstraw/grrquarterly/web/src/pages/Post/EditPostPage/EditPostPage.js": {"path":"/Users/benstraw/dev/benstraw/grrquarterly/web/src/pages/Post/EditPostPage/EditPostPage.js","statementMap":{"0":{"start":{"line":3,"column":21},"end":{"line":5,"column":1}},"1":{"start":{"line":4,"column":2},"end":{"line":4,"column":33}}},"fnMap":{"0":{"name":"(anonymous_0)","decl":{"start":{"line":3,"column":21},"end":{"line":3,"column":22}},"loc":{"start":{"line":3,"column":33},"end":{"line":5,"column":1}},"line":3}},"branchMap":{},"s":{"0":0,"1":0},"f":{"0":0},"b":{}}
,"/Users/benstraw/dev/benstraw/grrquarterly/web/src/pages/Post/NewPostPage/NewPostPage.js": {"path":"/Users/benstraw/dev/benstraw/grrquarterly/web/src/pages/Post/NewPostPage/NewPostPage.js","statementMap":{"0":{"start":{"line":3,"column":20},"end":{"line":5,"column":1}},"1":{"start":{"line":4,"column":2},"end":{"line":4,"column":20}}},"fnMap":{"0":{"name":"(anonymous_0)","decl":{"start":{"line":3,"column":20},"end":{"line":3,"column":21}},"loc":{"start":{"line":3,"column":26},"end":{"line":5,"column":1}},"line":3}},"branchMap":{},"s":{"0":0,"1":0},"f":{"0":0},"b":{}}
,"/Users/benstraw/dev/benstraw/grrquarterly/web/src/pages/Post/PostPage/PostPage.js": {"path":"/Users/benstraw/dev/benstraw/grrquarterly/web/src/pages/Post/PostPage/PostPage.js","statementMap":{"0":{"start":{"line":3,"column":17},"end":{"line":5,"column":1}},"1":{"start":{"line":4,"column":2},"end":{"line":4,"column":29}}},"fnMap":{"0":{"name":"(anonymous_0)","decl":{"start":{"line":3,"column":17},"end":{"line":3,"column":18}},"loc":{"start":{"line":3,"column":29},"end":{"line":5,"column":1}},"line":3}},"branchMap":{},"s":{"0":0,"1":0},"f":{"0":0},"b":{}}
,"/Users/benstraw/dev/benstraw/grrquarterly/web/src/pages/Post/PostsPage/PostsPage.js": {"path":"/Users/benstraw/dev/benstraw/grrquarterly/web/src/pages/Post/PostsPage/PostsPage.js","statementMap":{"0":{"start":{"line":3,"column":18},"end":{"line":5,"column":1}},"1":{"start":{"line":4,"column":2},"end":{"line":4,"column":22}}},"fnMap":{"0":{"name":"(anonymous_0)","decl":{"start":{"line":3,"column":18},"end":{"line":3,"column":19}},"loc":{"start":{"line":3,"column":24},"end":{"line":5,"column":1}},"line":3}},"branchMap":{},"s":{"0":0,"1":0},"f":{"0":0},"b":{}}
,"/Users/benstraw/dev/benstraw/grrquarterly/web/src/pages/ResetPasswordPage/ResetPasswordPage.js": {"path":"/Users/benstraw/dev/benstraw/grrquarterly/web/src/pages/ResetPasswordPage/ResetPasswordPage.js","statementMap":{"0":{"start":{"line":16,"column":26},"end":{"line":119,"column":1}},"1":{"start":{"line":18,"column":4},"end":{"line":18,"column":13}},"2":{"start":{"line":19,"column":32},"end":{"line":19,"column":46}},"3":{"start":{"line":21,"column":2},"end":{"line":25,"column":23}},"4":{"start":{"line":22,"column":4},"end":{"line":24,"column":5}},"5":{"start":{"line":23,"column":6},"end":{"line":23,"column":29}},"6":{"start":{"line":27,"column":2},"end":{"line":38,"column":8}},"7":{"start":{"line":28,"column":26},"end":{"line":36,"column":5}},"8":{"start":{"line":29,"column":23},"end":{"line":29,"column":59}},"9":{"start":{"line":30,"column":6},"end":{"line":35,"column":7}},"10":{"start":{"line":31,"column":8},"end":{"line":31,"column":25}},"11":{"start":{"line":32,"column":8},"end":{"line":32,"column":35}},"12":{"start":{"line":34,"column":8},"end":{"line":34,"column":24}},"13":{"start":{"line":37,"column":4},"end":{"line":37,"column":19}},"14":{"start":{"line":40,"column":22},"end":{"line":40,"column":30}},"15":{"start":{"line":41,"column":2},"end":{"line":43,"column":8}},"16":{"start":{"line":42,"column":4},"end":{"line":42,"column":31}},"17":{"start":{"line":45,"column":19},"end":{"line":58,"column":3}},"18":{"start":{"line":46,"column":21},"end":{"line":49,"column":6}},"19":{"start":{"line":51,"column":4},"end":{"line":57,"column":5}},"20":{"start":{"line":52,"column":6},"end":{"line":52,"column":33}},"21":{"start":{"line":54,"column":6},"end":{"line":54,"column":40}},"22":{"start":{"line":55,"column":6},"end":{"line":55,"column":28}},"23":{"start":{"line":56,"column":6},"end":{"line":56,"column":30}},"24":{"start":{"line":60,"column":2},"end":{"line":118,"column":3}}},"fnMap":{"0":{"name":"(anonymous_0)","decl":{"start":{"line":16,"column":26},"end":{"line":16,"column":27}},"loc":{"start":{"line":16,"column":46},"end":{"line":119,"column":1}},"line":16},"1":{"name":"(anonymous_1)","decl":{"start":{"line":21,"column":12},"end":{"line":21,"column":13}},"loc":{"start":{"line":21,"column":18},"end":{"line":25,"column":3}},"line":21},"2":{"name":"(anonymous_2)","decl":{"start":{"line":27,"column":12},"end":{"line":27,"column":13}},"loc":{"start":{"line":27,"column":18},"end":{"line":38,"column":3}},"line":27},"3":{"name":"(anonymous_3)","decl":{"start":{"line":28,"column":26},"end":{"line":28,"column":27}},"loc":{"start":{"line":28,"column":38},"end":{"line":36,"column":5}},"line":28},"4":{"name":"(anonymous_4)","decl":{"start":{"line":41,"column":12},"end":{"line":41,"column":13}},"loc":{"start":{"line":41,"column":18},"end":{"line":43,"column":3}},"line":41},"5":{"name":"(anonymous_5)","decl":{"start":{"line":45,"column":19},"end":{"line":45,"column":20}},"loc":{"start":{"line":45,"column":35},"end":{"line":58,"column":3}},"line":45}},"branchMap":{"0":{"loc":{"start":{"line":22,"column":4},"end":{"line":24,"column":5}},"type":"if","locations":[{"start":{"line":22,"column":4},"end":{"line":24,"column":5}},{"start":{},"end":{}}],"line":22},"1":{"loc":{"start":{"line":30,"column":6},"end":{"line":35,"column":7}},"type":"if","locations":[{"start":{"line":30,"column":6},"end":{"line":35,"column":7}},{"start":{"line":33,"column":13},"end":{"line":35,"column":7}}],"line":30},"2":{"loc":{"start":{"line":51,"column":4},"end":{"line":57,"column":5}},"type":"if","locations":[{"start":{"line":51,"column":4},"end":{"line":57,"column":5}},{"start":{"line":53,"column":11},"end":{"line":57,"column":5}}],"line":51}},"s":{"0":0,"1":0,"2":0,"3":0,"4":0,"5":0,"6":0,"7":0,"8":0,"9":0,"10":0,"11":0,"12":0,"13":0,"14":0,"15":0,"16":0,"17":0,"18":0,"19":0,"20":0,"21":0,"22":0,"23":0,"24":0},"f":{"0":0,"1":0,"2":0,"3":0,"4":0,"5":0},"b":{"0":[0,0],"1":[0,0],"2":[0,0]}}
,"/Users/benstraw/dev/benstraw/grrquarterly/web/src/pages/SignupPage/SignupPage.js": {"path":"/Users/benstraw/dev/benstraw/grrquarterly/web/src/pages/SignupPage/SignupPage.js","statementMap":{"0":{"start":{"line":18,"column":19},"end":{"line":124,"column":1}},"1":{"start":{"line":19,"column":38},"end":{"line":19,"column":47}},"2":{"start":{"line":21,"column":2},"end":{"line":25,"column":23}},"3":{"start":{"line":22,"column":4},"end":{"line":24,"column":5}},"4":{"start":{"line":23,"column":6},"end":{"line":23,"column":29}},"5":{"start":{"line":28,"column":22},"end":{"line":28,"column":30}},"6":{"start":{"line":29,"column":2},"end":{"line":31,"column":8}},"7":{"start":{"line":30,"column":4},"end":{"line":30,"column":31}},"8":{"start":{"line":33,"column":19},"end":{"line":44,"column":3}},"9":{"start":{"line":34,"column":21},"end":{"line":34,"column":46}},"10":{"start":{"line":36,"column":4},"end":{"line":43,"column":5}},"11":{"start":{"line":37,"column":6},"end":{"line":37,"column":29}},"12":{"start":{"line":38,"column":11},"end":{"line":43,"column":5}},"13":{"start":{"line":39,"column":6},"end":{"line":39,"column":33}},"14":{"start":{"line":42,"column":6},"end":{"line":42,"column":31}},"15":{"start":{"line":46,"column":2},"end":{"line":123,"column":3}}},"fnMap":{"0":{"name":"(anonymous_0)","decl":{"start":{"line":18,"column":19},"end":{"line":18,"column":20}},"loc":{"start":{"line":18,"column":25},"end":{"line":124,"column":1}},"line":18},"1":{"name":"(anonymous_1)","decl":{"start":{"line":21,"column":12},"end":{"line":21,"column":13}},"loc":{"start":{"line":21,"column":18},"end":{"line":25,"column":3}},"line":21},"2":{"name":"(anonymous_2)","decl":{"start":{"line":29,"column":12},"end":{"line":29,"column":13}},"loc":{"start":{"line":29,"column":18},"end":{"line":31,"column":3}},"line":29},"3":{"name":"(anonymous_3)","decl":{"start":{"line":33,"column":19},"end":{"line":33,"column":20}},"loc":{"start":{"line":33,"column":35},"end":{"line":44,"column":3}},"line":33}},"branchMap":{"0":{"loc":{"start":{"line":22,"column":4},"end":{"line":24,"column":5}},"type":"if","locations":[{"start":{"line":22,"column":4},"end":{"line":24,"column":5}},{"start":{},"end":{}}],"line":22},"1":{"loc":{"start":{"line":36,"column":4},"end":{"line":43,"column":5}},"type":"if","locations":[{"start":{"line":36,"column":4},"end":{"line":43,"column":5}},{"start":{"line":38,"column":11},"end":{"line":43,"column":5}}],"line":36},"2":{"loc":{"start":{"line":38,"column":11},"end":{"line":43,"column":5}},"type":"if","locations":[{"start":{"line":38,"column":11},"end":{"line":43,"column":5}},{"start":{"line":40,"column":11},"end":{"line":43,"column":5}}],"line":38}},"s":{"0":0,"1":0,"2":0,"3":0,"4":0,"5":0,"6":0,"7":0,"8":0,"9":0,"10":0,"11":0,"12":0,"13":0,"14":0,"15":0},"f":{"0":0,"1":0,"2":0,"3":0},"b":{"0":[0,0],"1":[0,0],"2":[0,0]}}
,"/Users/benstraw/dev/benstraw/grrquarterly/web/src/pages/TermsPage/TermsPage.js": {"path":"/Users/benstraw/dev/benstraw/grrquarterly/web/src/pages/TermsPage/TermsPage.js","statementMap":{"0":{"start":{"line":4,"column":18},"end":{"line":19,"column":1}},"1":{"start":{"line":5,"column":2},"end":{"line":18,"column":3}}},"fnMap":{"0":{"name":"(anonymous_0)","decl":{"start":{"line":4,"column":18},"end":{"line":4,"column":19}},"loc":{"start":{"line":4,"column":24},"end":{"line":19,"column":1}},"line":4}},"branchMap":{},"s":{"0":1,"1":1},"f":{"0":1},"b":{},"_coverageSchema":"1a1c01bbd47fc00a2c39e90264f33305004495a9","hash":"4611ae61496f9c8ff1b8588d30701524716cb059"}
,"/Users/benstraw/dev/benstraw/grrquarterly/web/src/pages/TermsPage/TermsPage.stories.js": {"path":"/Users/benstraw/dev/benstraw/grrquarterly/web/src/pages/TermsPage/TermsPage.stories.js","statementMap":{"0":{"start":{"line":3,"column":25},"end":{"line":5,"column":1}},"1":{"start":{"line":4,"column":2},"end":{"line":4,"column":22}}},"fnMap":{"0":{"name":"(anonymous_0)","decl":{"start":{"line":3,"column":25},"end":{"line":3,"column":26}},"loc":{"start":{"line":3,"column":31},"end":{"line":5,"column":1}},"line":3}},"branchMap":{},"s":{"0":0,"1":0},"f":{"0":0},"b":{}}
,"/Users/benstraw/dev/benstraw/grrquarterly/web/src/pages/User/EditUserPage/EditUserPage.js": {"path":"/Users/benstraw/dev/benstraw/grrquarterly/web/src/pages/User/EditUserPage/EditUserPage.js","statementMap":{"0":{"start":{"line":3,"column":21},"end":{"line":5,"column":1}},"1":{"start":{"line":4,"column":2},"end":{"line":4,"column":33}}},"fnMap":{"0":{"name":"(anonymous_0)","decl":{"start":{"line":3,"column":21},"end":{"line":3,"column":22}},"loc":{"start":{"line":3,"column":33},"end":{"line":5,"column":1}},"line":3}},"branchMap":{},"s":{"0":0,"1":0},"f":{"0":0},"b":{}}
,"/Users/benstraw/dev/benstraw/grrquarterly/web/src/pages/User/NewUserPage/NewUserPage.js": {"path":"/Users/benstraw/dev/benstraw/grrquarterly/web/src/pages/User/NewUserPage/NewUserPage.js","statementMap":{"0":{"start":{"line":3,"column":20},"end":{"line":5,"column":1}},"1":{"start":{"line":4,"column":2},"end":{"line":4,"column":20}}},"fnMap":{"0":{"name":"(anonymous_0)","decl":{"start":{"line":3,"column":20},"end":{"line":3,"column":21}},"loc":{"start":{"line":3,"column":26},"end":{"line":5,"column":1}},"line":3}},"branchMap":{},"s":{"0":0,"1":0},"f":{"0":0},"b":{}}
,"/Users/benstraw/dev/benstraw/grrquarterly/web/src/pages/User/UserPage/UserPage.js": {"path":"/Users/benstraw/dev/benstraw/grrquarterly/web/src/pages/User/UserPage/UserPage.js","statementMap":{"0":{"start":{"line":3,"column":17},"end":{"line":5,"column":1}},"1":{"start":{"line":4,"column":2},"end":{"line":4,"column":29}}},"fnMap":{"0":{"name":"(anonymous_0)","decl":{"start":{"line":3,"column":17},"end":{"line":3,"column":18}},"loc":{"start":{"line":3,"column":29},"end":{"line":5,"column":1}},"line":3}},"branchMap":{},"s":{"0":0,"1":0},"f":{"0":0},"b":{}}
,"/Users/benstraw/dev/benstraw/grrquarterly/web/src/pages/User/UsersPage/UsersPage.js": {"path":"/Users/benstraw/dev/benstraw/grrquarterly/web/src/pages/User/UsersPage/UsersPage.js","statementMap":{"0":{"start":{"line":3,"column":18},"end":{"line":5,"column":1}},"1":{"start":{"line":4,"column":2},"end":{"line":4,"column":22}}},"fnMap":{"0":{"name":"(anonymous_0)","decl":{"start":{"line":3,"column":18},"end":{"line":3,"column":19}},"loc":{"start":{"line":3,"column":24},"end":{"line":5,"column":1}},"line":3}},"branchMap":{},"s":{"0":0,"1":0},"f":{"0":0},"b":{}}
}
